20180706014004
Z
[  1.86922201e-12   7.35369617e-13   1.06695769e-12   7.77274662e-13
   1.14295740e-12   1.00054478e-12   9.12003109e-13   1.12184859e-12
   1.01580278e-12   2.08657270e-12   1.90760659e-12   1.78627561e-12
   2.50802345e-12   2.04044470e-12   1.95528092e-12   2.41713830e-12
   2.32069695e-12   1.47877298e-12   1.48339438e-12   2.00401862e-12
   1.52680311e-12   1.39592655e-12   1.76333752e-12   1.60476915e-12
   1.34341287e-12   1.84927650e-12   1.42065689e-12   1.36642135e-12
   1.69114822e-12   1.53065902e-12   1.71995722e-12   1.34524225e-12
   1.22167832e-12   1.53737489e-12   1.38578710e-12   1.83007507e-12
   1.66969234e-12   2.11702014e-12   1.89355001e-12   1.35746701e-12
   1.67365579e-12   1.54318339e-12   1.52783840e-12   1.39063831e-12
   1.72165890e-12]
P
[ 0.  0.  0.  0.  0.  0.  0.  0.  0.  0.  0.  0.  0.  0.  0.  0.  0.  0.
  0.  0.  0.  0.  0.  0.  0.  0.  0.  0.  0.  0.  0.  0.  0.  0.  0.  0.
  0.  0.  0.  0.  0.  0.  0.  0.  0.  0.  0.  0.  0.  0.  0.  0.  0.  0.
  0.  0.  0.  0.  0.  0.  0.  0.  0.  0.  0.  0.  0.  0.  0.  0.  0.  0.
  0.  0.  0.  0.  0.  0.  0.  0.  0.  0.  0.  0.  0.  0.  0.  0.  0.  0.
  0.  0.  0.  0.  0.  0.  0.  0.  0.  0.  0.  0.  0.  0.  0.  0.  0.  0.
  0.  0.  0.  0.  0.  0.  0.  0.  0.  0.  0.  0.  0.  0.  0.  0.  0.  0.
  0.  0.  0.  0.  0.  0.  0.  0.  0.  0.  0.  0.  0.  0.  0.  0.  0.  0.
  0.  0.  0.  0.  0.  0.  0.  0.  0.  0.  0.  0.  0.  0.  0.  0.  0.  0.
  0.  0.  0.  0.  0.  0.  0.  0.  0.  0.  0.  0.  0.  0.  0.  0.  0.  0.
  0.  0.  0.  0.  0.  0.  0.  0.  0.  0.  0.  0.  0.  0.  0.  0.  0.  0.
  0.  0.  0.  0.  0.  0.  0.  0.  0.  0.  0.  0.]
20180812145853
Z
[  3.32107123e-14   1.05591971e-13   3.52668785e-14   7.64884244e-14
   9.63740816e-14   1.60415558e-13   4.67733104e-14   1.41348004e-14
   3.49871972e-14   4.04591074e-14   6.10171474e-14   4.88370491e-14
   8.98553918e-14   1.17010138e-13   2.08904729e-13   3.37335331e-14
   3.88825864e-14   7.22299198e-14   8.57849103e-14   1.50875617e-13
   1.78420379e-13]
P
[ 0.  0.  0.  0.  0.  0.  0.  0.  0.  0.  0.  0.  0.  0.  0.  0.  0.  0.
  0.  0.  0.]
20180819042858
Z
[  3.99481628e-12   6.44768816e-12   8.17664577e-12   4.88411019e-12
   4.67028497e-12   1.15386060e-11   5.04162850e-12   4.46083431e-12
   6.23368408e-12   4.42057626e-12   6.57258199e-12   4.78580312e-12
   1.20419080e-11   4.05927139e-12   3.54900011e-12   3.53137248e-12
   3.61797874e-12   7.53667405e-12   3.62437251e-12   3.41153991e-12
   4.44455883e-12   3.16253468e-12   4.83152165e-12   3.27738016e-12
   6.88855232e-12   7.56411573e-12   6.08150315e-12   5.90911196e-12
   1.04697406e-11   6.12629272e-12   5.25853241e-12   7.18124986e-12
   5.12864723e-12   7.68199351e-12   5.46446576e-12   1.18781351e-11
   5.70029876e-12   5.50703943e-12   1.10395738e-11   5.75546754e-12
   5.00900680e-12   6.93288015e-12   4.99459073e-12   7.37709504e-12
   5.31946778e-12   1.23160994e-11   4.96639750e-12   9.13705050e-12
   5.13058617e-12   4.51864235e-12   6.31638990e-12   4.28421848e-12
   6.64620229e-12   4.50279389e-12   1.03078206e-11   8.26181314e-12
   5.10808609e-12   4.47052946e-12   6.10969660e-12   4.16090704e-12
   6.40941284e-12   4.41681591e-12   9.99590436e-12   8.64604656e-12
   8.02835906e-12   1.09061094e-11   7.34104125e-12   1.13805220e-11
   8.23973070e-12   1.88112599e-11   4.61974298e-12   6.33519993e-12
   4.32721597e-12   6.63124750e-12   4.56877167e-12   1.04830678e-11
   5.53299465e-12   3.85139757e-12   5.91055969e-12   4.08425039e-12
   9.15648253e-12   5.20615003e-12   8.07051705e-12   5.52017000e-12
   1.27663284e-11   5.49458936e-12   3.90724404e-12   8.66307662e-12
   5.91952715e-12   1.34443794e-11   9.11635500e-12]
P
[ 0.  0.  0.  0.  0.  0.  0.  0.  0.  0.  0.  0.  0.  0.  0.  0.  0.  0.
  0.  0.  0.  0.  0.  0.  0.  0.  0.  0.  0.  0.  0.  0.  0.  0.  0.  0.
  0.  0.  0.  0.  0.  0.  0.  0.  0.  0.  0.  0.  0.  0.  0.  0.  0.  0.
  0.  0.  0.  0.  0.  0.  0.  0.  0.  0.  0.  0.  0.  0.  0.  0.  0.  0.
  0.  0.  0.  0.  0.  0.  0.  0.  0.  0.  0.  0.  0.  0.  0.  0.  0.  0.
  0.  0.  0.  0.  0.  0.  0.  0.  0.  0.  0.  0.  0.  0.  0.  0.  0.  0.
  0.  0.  0.  0.  0.  0.  0.  0.  0.  0.  0.  0.  0.  0.  0.  0.  0.  0.
  0.  0.  0.  0.  0.  0.  0.  0.  0.  0.  0.  0.  0.  0.  0.  0.  0.  0.
  0.  0.  0.  0.  0.  0.  0.  0.  0.  0.  0.  0.  0.  0.  0.  0.  0.  0.
  0.  0.  0.  0.  0.  0.  0.  0.  0.  0.  0.  0.  0.  0.  0.  0.  0.  0.
  0.  0.  0.  0.  0.  0.  0.  0.  0.  0.  0.  0.  0.  0.  0.  0.  0.  0.
  0.  0.  0.  0.  0.  0.  0.  0.  0.  0.  0.  0.  0.  0.  0.  0.  0.  0.
  0.  0.  0.  0.  0.  0.  0.  0.  0.  0.  0.  0.  0.  0.  0.]
20180821213147
Z
[  1.03800837e-13   8.40551262e-14   4.83715398e-14   5.27313249e-14
   7.35275324e-14   1.05118014e-13   1.36198355e-13   1.48107264e-13
   1.25416295e-13   8.69381951e-14   1.43545185e-13   7.65693189e-14
   6.59907790e-14   7.89543205e-14   9.20429482e-14   1.08826480e-13
   1.34570231e-13   1.28965532e-13   1.23572227e-13   8.61341892e-14
   1.68491298e-13   3.85003821e-14   5.62029471e-14   7.43621223e-14
   8.09277309e-14   8.91876700e-14   1.11146282e-13   1.17451854e-13
   6.66010252e-14   1.36541454e-13   4.23835634e-14   5.26749150e-14
   5.67516051e-14   6.78210059e-14   6.47644962e-14   6.48186924e-14
   5.32126699e-14   8.79087761e-14   6.54519907e-14   7.50267594e-14
   8.05151159e-14   8.58191755e-14   9.48303953e-14   6.03550219e-14
   1.24084169e-13   9.16142939e-14   1.04183155e-13   1.13217465e-13
   1.22366709e-13   7.36791562e-14   1.56771445e-13   1.26890856e-13
   1.29249786e-13   1.19338628e-13   9.27992036e-14   1.56112622e-13
   1.61548460e-13   1.48973280e-13   1.09476375e-13   1.90451088e-13
   1.71252023e-13   1.15304778e-13   2.06218799e-13   1.18000041e-13
   2.04282877e-13   1.51026005e-13]
P
[ 0.  0.  0.  0.  0.  0.  0.  0.  0.  0.  0.  0.  0.  0.  0.  0.  0.  0.
  0.  0.  0.  0.  0.  0.  0.  0.  0.  0.  0.  0.  0.  0.  0.  0.  0.  0.]
20180821223226
Z
[  2.85335802e-13   2.31905837e-13   1.55724787e-13   2.49651988e-13
   1.80206848e-13   1.14426477e-13   1.54749410e-13   1.71890281e-13
   2.15441964e-13   2.37091631e-13   2.25850967e-13   2.30480919e-13
   1.94749521e-13   2.54935283e-13   3.72719475e-13   2.13774590e-13
   1.68898860e-13   1.34897164e-13   1.98718567e-13   2.92819949e-13
   3.19789142e-13   2.52273016e-13   2.78377181e-13   2.71381171e-13
   2.72451990e-13   2.33604263e-13   2.00755690e-13   1.61713228e-13
   8.87258642e-14   1.32378894e-13   1.58037218e-13   2.02443995e-13
   1.77399098e-13   2.10515483e-13   1.87494075e-13   1.91456857e-13
   1.47835309e-13   1.24790546e-13   3.09404255e-13   4.12379279e-13
   4.29774422e-13   4.55777893e-13   4.51113262e-13   2.81954370e-13
   4.29923371e-13   3.23935120e-13   1.96065806e-13   1.34670830e-13
   2.00497905e-13   1.54434157e-13   1.73126949e-13   2.80817150e-13
   2.46003677e-13   2.53848902e-13   2.06686961e-13   1.03412267e-13
   1.84191393e-13   1.24024939e-13   1.32095594e-13   2.33122958e-13
   2.06454705e-13   2.16680781e-13   1.66204127e-13   2.11877916e-13
   2.09105922e-13   2.17465451e-13   2.58136104e-13   1.74366208e-13
   2.45846682e-13   1.77157690e-13   2.95330608e-13   2.90957842e-13
   3.87008728e-13   2.72094638e-13   3.53351753e-13   2.69714656e-13
   3.50970851e-13   3.23849926e-13   2.50491443e-13   3.20609545e-13
   2.81719560e-13   3.21151831e-13   2.64558377e-13   3.30575128e-13
   2.92761018e-13   3.38030811e-13   4.34808656e-13   3.01708023e-13
   3.31711343e-13   2.65310915e-13   3.09687597e-13]
P
[ 0.  0.  0.  0.  0.  0.  0.  0.  0.  0.  0.  0.  0.  0.  0.  0.  0.  0.
  0.  0.  0.  0.  0.  0.  0.  0.  0.  0.  0.  0.  0.  0.  0.  0.  0.  0.
  0.  0.  0.  0.  0.  0.  0.  0.  0.  0.  0.  0.  0.  0.  0.  0.  0.  0.
  0.  0.  0.  0.  0.  0.  0.  0.  0.  0.  0.  0.  0.  0.  0.  0.  0.  0.
  0.  0.  0.  0.  0.  0.]
20180828223513
Z
[  4.42875211e-13   5.95773559e-13   6.46720307e-13   6.04598034e-13
   4.69189608e-13   1.98832938e-13   4.02035004e-13   2.84573809e-13
   6.52214614e-13   5.03488488e-13   6.09356324e-13   6.32491891e-13
   1.04345569e-12   9.81876848e-13   9.22352847e-13   7.75030235e-13
   2.92417729e-13   8.37588947e-13   5.56755090e-13   9.50829740e-13
   8.74833534e-13   8.74879586e-13   9.85875501e-13   1.35876584e-12
   1.28826990e-12   9.86400882e-13   4.17220708e-13   1.61877115e-12
   1.05724186e-12   1.94623253e-12   1.73151451e-12   1.57704579e-12
   1.56840377e-12   1.08562348e-12   8.73691795e-13   3.45873648e-13
   1.08998433e-12   7.18637336e-13   1.23843913e-12   1.14094592e-12
   1.09104868e-12   1.18258283e-12   7.98137155e-13   3.21180215e-13
   1.02455814e-12   6.76494909e-13   1.16246383e-12   1.06947006e-12
   1.02157148e-12   1.09870741e-12   2.49092425e-13   8.31077234e-13
   5.43202639e-13   9.12728969e-13   8.77908237e-13   8.03620196e-13
   9.25085995e-13   3.26733360e-13   2.17705118e-13   3.86160284e-13
   3.41706079e-13   3.41405024e-13   3.53593492e-13   8.28165050e-13
   1.43801076e-12   1.33205269e-12   1.19091475e-12   1.25521444e-12
   9.42813301e-13   8.70359780e-13   7.89064797e-13   8.31627871e-13
   1.50509280e-12   1.37926458e-12   1.41479851e-12   1.24491169e-12
   1.31904556e-12   1.22295929e-12]
P
[ 0.  0.  0.  0.  0.  0.  0.  0.  0.  0.  0.  0.  0.  0.  0.  0.  0.  0.
  0.  0.  0.  0.  0.  0.  0.  0.  0.  0.  0.  0.  0.  0.  0.  0.  0.  0.
  0.  0.  0.  0.  0.  0.  0.  0.  0.  0.  0.  0.  0.  0.  0.  0.  0.  0.
  0.  0.  0.  0.  0.  0.  0.  0.  0.  0.  0.  0.  0.  0.  0.  0.  0.  0.
  0.  0.  0.  0.  0.  0.  0.  0.  0.  0.  0.  0.  0.  0.  0.  0.  0.  0.
  0.  0.  0.  0.  0.  0.  0.  0.  0.  0.  0.  0.  0.  0.  0.  0.  0.  0.
  0.  0.  0.  0.  0.  0.  0.  0.  0.  0.  0.  0.  0.  0.  0.  0.  0.  0.
  0.  0.  0.  0.  0.  0.  0.  0.  0.  0.]
20180906154918
Z
[  4.89917604e-12   2.65134010e-12   6.73858553e-12   8.88648592e-12
   6.38306384e-12   4.78837870e-12   7.18798127e-12   5.74239570e-12
   5.52402189e-12   9.71886183e-12   8.05266663e-12   4.77466578e-12
   1.28001289e-11   1.65271813e-11   1.08799907e-11   8.40729840e-12
   1.23225995e-11   1.15882996e-11   1.10006484e-11   1.83155775e-11
   1.62202131e-11   6.08763201e-12   7.33997349e-12   7.42734076e-12
   5.03811838e-12   6.54527421e-12   5.42120677e-12   5.48361918e-12
   1.00113426e-11   8.20615256e-12   1.69075493e-11   1.50666697e-11
   1.02223534e-11   1.34840555e-11   1.23108715e-11   1.16179466e-11
   2.02815046e-11   1.74078008e-11   1.76685321e-11   1.21578098e-11
   1.65046677e-11   1.46962625e-11   1.39245321e-11   2.47498600e-11
   2.08059233e-11   1.14045855e-11   1.42776818e-11   1.33178727e-11
   1.32065010e-11   2.34048331e-11   1.98106095e-11   1.02907727e-11
   9.15592651e-12   9.22987699e-12   1.62317373e-11   1.37899262e-11
   1.20942415e-11   1.20499303e-11   2.15685058e-11   1.79595847e-11
   1.05501904e-11   1.81611730e-11   1.57530651e-11   1.81105188e-11
   1.56567429e-11   2.70268369e-11]
P
[ 0.  0.  0.  0.  0.  0.  0.  0.  0.  0.  0.  0.  0.  0.  0.  0.  0.  0.
  0.  0.  0.  0.  0.  0.  0.  0.  0.  0.  0.  0.  0.  0.  0.  0.  0.  0.
  0.  0.  0.  0.  0.  0.  0.  0.  0.  0.  0.  0.  0.  0.  0.  0.  0.  0.
  0.  0.  0.  0.  0.  0.  0.  0.  0.  0.  0.  0.  0.  0.  0.  0.  0.  0.
  0.  0.  0.  0.  0.  0.  0.  0.  0.  0.  0.  0.  0.  0.  0.  0.  0.  0.
  0.  0.  0.  0.  0.  0.  0.  0.  0.  0.  0.  0.  0.  0.  0.  0.  0.  0.
  0.  0.  0.  0.  0.  0.  0.  0.  0.  0.  0.  0.  0.  0.  0.  0.  0.  0.
  0.  0.  0.  0.  0.  0.  0.  0.  0.  0.  0.  0.  0.  0.  0.  0.  0.  0.
  0.  0.  0.  0.  0.  0.  0.  0.  0.  0.  0.  0.  0.  0.  0.  0.  0.  0.
  0.  0.  0.  0.  0.  0.  0.  0.  0.  0.  0.  0.  0.  0.  0.  0.  0.  0.
  0.  0.  0.  0.  0.  0.  0.  0.  0.  0.  0.  0.  0.  0.  0.  0.  0.  0.
  0.  0.  0.  0.  0.  0.  0.  0.  0.  0.  0.  0.  0.  0.  0.  0.  0.  0.
  0.  0.  0.  0.  0.  0.  0.  0.  0.  0.  0.  0.  0.  0.  0.]
20180907021206
Z
[  2.96287923e-12   1.39466225e-12   3.18497205e-12   1.74235836e-12
   2.15800487e-12   2.30726500e-12   1.72195515e-12   8.55180461e-13
   5.75836755e-13   3.11421987e-12   1.71418602e-12   1.43976075e-12
   3.75289832e-12   1.67850418e-12   2.75628055e-12   2.30338146e-12
   1.84648001e-12   1.12100539e-12   7.71985942e-13   3.53131053e-12
   1.96384740e-12   1.47984419e-12   9.89106804e-13   1.25935387e-12
   1.28170191e-12   8.67640808e-13   4.32644321e-13   3.35623358e-13
   1.71412725e-12   9.35486356e-13   1.84837182e-12   3.00935946e-12
   2.60047989e-12   2.05210407e-12   1.20155844e-12   8.26096800e-13
   3.83778315e-12   2.13239718e-12   1.59424674e-12   1.52677541e-12
   1.05396850e-12   5.26616591e-13   4.13350161e-13   2.10073032e-12
   1.15155678e-12   2.12220959e-12   1.59654394e-12   7.96623162e-13
   5.27472890e-13   2.86707911e-12   1.58064115e-12   1.43288134e-12
   7.21142778e-13   5.58581820e-13   2.79139627e-12   1.53118074e-12
   5.94125622e-13   4.29202529e-13   2.06518862e-12   1.13931529e-12
   2.20925834e-13   1.03371723e-12   5.72685469e-13   7.69994840e-13
   4.23724815e-13   2.07575446e-12]
P
[ 0.  0.  0.  0.  0.  0.  0.  0.  0.  0.  0.  0.  0.  0.  0.  0.  0.  0.
  0.  0.  0.  0.  0.  0.  0.  0.  0.  0.  0.  0.  0.  0.  0.  0.  0.  0.
  0.  0.  0.  0.  0.  0.  0.  0.  0.  0.  0.  0.  0.  0.  0.  0.  0.  0.
  0.  0.  0.  0.  0.  0.  0.  0.  0.  0.  0.  0.  0.  0.  0.  0.  0.  0.
  0.  0.  0.  0.  0.  0.  0.  0.  0.  0.  0.  0.  0.  0.  0.  0.  0.  0.
  0.  0.  0.  0.  0.  0.  0.  0.  0.  0.  0.  0.  0.  0.  0.  0.  0.  0.
  0.  0.  0.  0.  0.  0.  0.  0.  0.  0.  0.  0.  0.  0.  0.  0.  0.  0.
  0.  0.  0.  0.  0.  0.  0.  0.  0.  0.  0.  0.  0.  0.  0.  0.  0.  0.
  0.  0.  0.  0.  0.  0.  0.  0.  0.  0.  0.  0.  0.  0.  0.  0.  0.  0.
  0.  0.  0.  0.  0.  0.  0.  0.  0.]
20180909193135
Z
[  5.24795023e-14   3.23374505e-14   5.66056528e-14   1.77509014e-13
   1.35224494e-13   1.15860624e-13   1.04669350e-13   1.00081439e-13
   1.16774996e-13   9.55341737e-14   6.90433363e-14   1.97683937e-13
   8.60879063e-14   8.76990842e-14   1.13225672e-13   6.32454765e-14
   6.29640963e-14   1.28586128e-13   6.23739488e-14   6.78585616e-14
   7.86622488e-14   8.48322600e-14   1.42920851e-13   6.91639823e-14
   7.76979544e-14   7.83691816e-14   2.22316195e-13   1.60594011e-13
   1.53612823e-13   1.65491184e-13   1.97842731e-13   1.77701742e-13
   2.18062561e-13   1.15424535e-13   1.15058789e-13   1.15748976e-13]
P
[ 0.  0.  0.  0.  0.  0.  0.  0.  0.  0.  0.  0.  0.  0.  0.  0.  0.  0.
  0.  0.  0.  0.  0.  0.  0.  0.  0.  0.]
20180910041902
Z
[  7.24373092e-13   1.20489086e-12   5.14940195e-13   6.65385240e-13
   4.83310471e-13   1.10230060e-12   4.53755157e-13   6.81645638e-13
   9.10718678e-13   8.21194627e-13   1.82743396e-13   6.00079965e-13
   6.16929720e-13   8.06416049e-13   4.28341537e-13   9.78284794e-13
   3.40512848e-13   5.75700258e-13   5.92724856e-13   5.94155164e-13
   1.36629826e-13   8.61557826e-13   1.21541127e-12   7.44096195e-13
   1.65625227e-12   4.14334783e-13   6.74187455e-13   9.66487153e-13
   9.08974602e-13   2.32129243e-13   9.08754271e-13   4.95262839e-13
   1.12808770e-12   3.14905196e-13   5.48135913e-13   5.86213462e-13
   6.15816300e-13   1.51657797e-13   6.94775220e-13   1.38209145e-12
   3.94776652e-13   6.55578977e-13   8.05830466e-13   7.55032197e-13
   1.90180279e-13   9.14143279e-13   2.34638119e-13   4.04623830e-13
   4.70711766e-13   5.22374916e-13   1.26684055e-13   5.11359603e-13
   8.40715477e-13   1.07927015e-12   1.02771128e-12   2.62427313e-13
   2.93647789e-13   3.56350018e-13   3.20447037e-13   7.52507441e-14
   5.73008728e-13   5.14221753e-13   1.21751288e-13   6.50275569e-13
   1.58631192e-13   1.50314873e-13]
P
[ 0.  0.  0.  0.  0.  0.  0.  0.  0.  0.  0.  0.  0.  0.  0.  0.  0.  0.
  0.  0.  0.  0.  0.  0.  0.  0.  0.  0.  0.  0.  0.  0.  0.  0.  0.  0.
  0.  0.  0.  0.  0.  0.  0.  0.  0.  0.  0.  0.  0.  0.  0.  0.  0.  0.
  0.  0.  0.  0.  0.  0.  0.  0.  0.  0.  0.  0.  0.  0.  0.  0.  0.  0.
  0.  0.  0.  0.  0.  0.]
20180916211148
Z
[  7.73006523e-14   7.06744251e-14   1.56016832e-13   8.70499217e-14
   2.29275019e-13   2.56863904e-13   2.07368189e-13   3.17235372e-13
   2.88948923e-13   5.66092803e-13   2.32976098e-13   2.30903759e-13
   2.30821858e-13   1.80374530e-13   1.68730129e-13   8.04218449e-14
   1.78555595e-13   2.23907000e-13   1.50471142e-13   1.68243592e-13
   2.17594400e-13   3.61160064e-13   2.09662892e-13   1.59859155e-13
   2.02068820e-13   4.70601096e-13   2.24520701e-13   5.04275548e-13
   6.56174542e-13   4.73880266e-13   8.23516473e-13   7.06877283e-13
   1.36765803e-12   6.87280157e-13   6.07082913e-13   7.02910663e-13
   2.07264590e-13   4.30891754e-13   5.69335817e-13   3.50182708e-13
   4.66001727e-13   4.47681130e-13   8.90431909e-13   4.99274603e-13
   4.05657531e-13   5.09752629e-13   2.57170420e-13   3.30197771e-13
   1.96736977e-13   2.31115617e-13   2.33173001e-13   4.49713387e-13
   2.86354886e-13   2.20897492e-13   2.89689284e-13   8.17658920e-13
   5.21595731e-13   5.74816596e-13   6.15251981e-13   1.07039126e-12
   7.01939840e-13   5.29344488e-13   7.10210055e-13   6.62594732e-13
   7.74827613e-13   7.86749871e-13   1.43802748e-12   8.95317639e-13
   7.00629923e-13   9.16704410e-13   5.10072981e-13   5.35873147e-13
   9.20552621e-13   5.78632351e-13   4.43587956e-13   5.80274481e-13
   7.03764009e-13   1.36289866e-12   6.82700028e-13   6.19245327e-13
   7.34345559e-13   1.26476352e-12   7.24751253e-13   5.91663930e-13
   7.39034546e-13   1.26620915e-12   1.12724348e-12   1.34987704e-12
   6.16066847e-13   7.96576591e-13   6.50118912e-13]
P
[ 0.  0.  0.  0.  0.  0.  0.  0.  0.  0.  0.  0.  0.  0.  0.  0.  0.  0.
  0.  0.  0.  0.  0.  0.  0.  0.  0.  0.  0.  0.  0.  0.  0.  0.  0.  0.
  0.  0.  0.  0.  0.  0.  0.  0.  0.  0.  0.  0.  0.  0.  0.  0.  0.  0.
  0.  0.  0.  0.  0.  0.  0.  0.  0.  0.  0.  0.  0.  0.  0.  0.  0.  0.
  0.  0.  0.  0.  0.  0.  0.  0.  0.  0.  0.  0.  0.  0.  0.  0.  0.  0.
  0.  0.  0.  0.  0.  0.  0.  0.  0.  0.  0.  0.  0.  0.  0.  0.  0.  0.
  0.  0.  0.  0.  0.  0.  0.  0.  0.  0.  0.  0.  0.  0.  0.  0.  0.  0.
  0.  0.  0.  0.  0.  0.  0.  0.  0.  0.  0.  0.  0.  0.  0.  0.  0.  0.
  0.  0.  0.  0.  0.  0.  0.  0.  0.  0.  0.  0.  0.  0.  0.  0.  0.  0.
  0.  0.  0.  0.  0.  0.  0.  0.  0.  0.  0.  0.  0.  0.  0.  0.  0.  0.
  0.  0.  0.  0.  0.  0.  0.  0.  0.  0.  0.  0.  0.  0.  0.  0.  0.  0.
  0.  0.  0.  0.  0.  0.  0.  0.  0.  0.  0.  0.  0.  0.  0.  0.  0.  0.
  0.  0.  0.  0.  0.  0.  0.  0.  0.  0.  0.  0.  0.  0.  0.]
20180930105223
Z
[  1.21212084e-12   1.45901175e-12   1.82689572e-12   1.94582767e-12
   1.24170675e-12   1.37004058e-12   1.81848572e-12   3.55379147e-12
   2.25037941e-12   1.54123928e-12   1.15490495e-12   1.69675595e-12
   1.99969072e-12   4.44706238e-13   5.37711264e-13   8.43032101e-13
   5.21508307e-13   5.71676320e-13   7.18512488e-13   1.33289474e-12
   7.43791029e-13   5.24487326e-13   4.32922366e-13   6.34554204e-13
   7.41614100e-13   5.89677422e-13   8.92184964e-13   5.71880401e-13
   5.47484700e-13   6.38073054e-13   1.20333108e-12   7.58523338e-13
   5.35033285e-13   4.85055426e-13   6.23567819e-13   7.98682011e-13
   1.00612913e-12   6.51175681e-13   6.36455941e-13   7.66916049e-13
   1.44281567e-12   8.92987304e-13   6.51198674e-13   5.60671049e-13
   7.28558086e-13   9.41992264e-13   1.01946386e-12   1.06996884e-12
   1.28273362e-12   2.41085739e-12   1.39356744e-12   9.30356095e-13
   8.25365624e-13   1.20087962e-12   1.38788537e-12   6.76949834e-13
   8.05570448e-13   1.51286037e-12   8.88926385e-13   5.93284856e-13
   5.18340727e-13   7.60677468e-13   8.83618479e-13   8.28499213e-13
   1.54449351e-12   8.74604002e-13   6.01005860e-13   5.47728150e-13
   7.55662676e-13   9.12663325e-13   1.89211330e-12   1.05071231e-12
   7.62651291e-13   6.67356052e-13   8.99468348e-13   1.11766606e-12
   1.93550596e-12   1.44454071e-12   1.26644669e-12   1.65509667e-12
   2.11277545e-12   8.61938408e-13   7.49122468e-13   9.79726162e-13
   1.26113555e-12   5.02412430e-13   6.99704533e-13   8.57030238e-13
   6.25897255e-13   7.26926049e-13   1.04836605e-12]
P
[ 0.  0.  0.  0.  0.  0.  0.  0.  0.  0.  0.  0.  0.  0.  0.  0.  0.  0.
  0.  0.  0.  0.  0.  0.  0.  0.  0.  0.  0.  0.  0.  0.  0.  0.  0.  0.
  0.  0.  0.  0.  0.  0.  0.  0.  0.  0.  0.  0.  0.  0.  0.  0.  0.  0.
  0.  0.  0.  0.  0.  0.  0.  0.  0.  0.  0.  0.  0.  0.  0.  0.  0.  0.
  0.  0.  0.  0.  0.  0.  0.  0.  0.  0.  0.  0.  0.  0.  0.  0.  0.  0.
  0.  0.  0.  0.  0.  0.  0.  0.  0.  0.  0.  0.  0.  0.  0.  0.  0.  0.
  0.  0.  0.  0.  0.  0.  0.  0.  0.  0.  0.  0.]
20181010204820
Z
[  1.22747456e-13   6.30695549e-14   8.46086999e-14   6.29984859e-14
   6.55482180e-14   6.12509623e-14   9.19159170e-14   1.47632876e-13
   1.37648886e-13   6.88673713e-14   1.48550741e-13   9.72061675e-14
   1.12481452e-13   1.75335257e-13   1.31713900e-13   3.12850649e-13
   3.00095571e-13   4.36189806e-13   2.47574287e-13   6.19831288e-14
   4.91718923e-14   8.12470126e-14   7.10864080e-14   1.60750523e-13
   1.35920771e-13   2.00930377e-13   1.22184487e-13   1.24646970e-13
   8.07891189e-14   1.90575010e-13   3.46311387e-13   2.70419674e-13
   3.54861676e-13   1.97458936e-13   6.14871241e-14   9.89104241e-14
   1.89493543e-13   1.86005901e-13   2.16330477e-13   1.22278722e-13
   8.55054900e-14   1.88532843e-13   1.73159290e-13   2.64353107e-13
   1.42757081e-13   3.08289869e-13   2.36399232e-13   3.83365331e-13
   1.90584730e-13   4.75329544e-13   7.66545733e-13   3.97700414e-13
   6.19669471e-13   3.29095457e-13   4.90818154e-13]
P
[ 0.  0.  0.  0.  0.  0.  0.  0.  0.  0.  0.  0.  0.  0.  0.  0.  0.  0.
  0.  0.  0.]
20181010220034
Z
[  2.89067063e-13   1.92571107e-13   1.66531431e-13   3.83553169e-13
   2.70119765e-13   5.28228699e-13   3.43819263e-13   1.81021979e-13
   1.74927665e-13   2.40805786e-13   8.75790153e-14   2.77941186e-13
   1.89402376e-13   4.04248327e-13   2.57412363e-13   1.74682482e-13
   1.56685055e-13   8.96693616e-14   1.86107293e-13   1.53545304e-13
   3.85456061e-13   2.44942399e-13   1.60567844e-13   1.57592411e-13
   3.27053194e-13   2.19238617e-13   3.14710954e-13   2.01810843e-13
   1.80198665e-13   1.30299690e-13   4.88530439e-13   7.39147762e-13
   5.33266191e-13   4.50767681e-13   2.81516460e-13   5.20934858e-13
   3.71478703e-13   3.05471271e-13   2.05231604e-13   6.54544495e-13
   4.97907762e-13   3.65207055e-13   3.06865074e-13   2.48102866e-13
   1.97774657e-13]
P
[ 0.  0.  0.  0.  0.  0.  0.  0.  0.  0.  0.  0.  0.  0.  0.  0.  0.  0.
  0.  0.  0.  0.  0.  0.  0.  0.  0.  0.  0.  0.  0.  0.  0.  0.  0.  0.]
20181013111022
Z
[  1.92831632e-13   5.33348565e-13   7.00433167e-13   6.30955831e-13
   5.55083436e-13   2.17347507e-13   2.90533679e-13   3.07630481e-13
   7.22703427e-13   3.32277857e-13   5.82821716e-13   6.69794753e-13
   6.05331687e-13   3.04589994e-13   1.21703042e-12   2.11147485e-13
   3.12052555e-13   3.10816067e-13   3.54256629e-13   4.29915049e-13
   3.84873908e-13   3.82074289e-13   3.21190831e-13   4.24067510e-13
   4.03607974e-13   9.00631080e-13   6.23655679e-13   5.09440492e-13
   2.97927206e-13   3.34499987e-13   4.14226062e-13   7.72378092e-13
   4.26664439e-13   6.31558637e-13   7.25420367e-13   6.44840424e-13
   1.37299572e-12   2.02006040e-12   1.32290901e-12   1.67685106e-12
   1.85593652e-12   1.82749466e-12   1.60579563e-12   1.50606844e-12
   2.06732659e-12   2.05092994e-12   8.27131438e-13   3.32908317e-13
   5.32829943e-13   5.59003989e-13   8.44440302e-13   4.72957169e-13
   7.21334360e-13   8.73289189e-13   8.44495804e-13   4.53006229e-13
   6.59278893e-13   6.51178780e-13   8.94127872e-13   6.03113631e-13
   7.73663041e-13   9.86918927e-13   9.18137237e-13   3.93248151e-13
   4.55380977e-13   4.69689791e-13   3.94700283e-13   4.00641585e-13
   5.23193687e-13   5.07228552e-13   5.79700566e-13   6.29253166e-13
   5.15130142e-13   5.53466084e-13   7.26867393e-13   6.75175153e-13
   7.15997218e-13   5.89894680e-13   6.17792262e-13   8.00983033e-13
   7.38142840e-13   6.38443666e-13   8.64964821e-13   1.04971981e-12
   1.01562255e-12   5.53647622e-13   7.08364048e-13   6.81570535e-13
   8.93724900e-13   8.50746062e-13   1.06527852e-12]
P
[ 0.  0.  0.  0.  0.  0.  0.  0.  0.  0.  0.  0.  0.  0.  0.  0.  0.  0.
  0.  0.  0.  0.  0.  0.  0.  0.  0.  0.  0.  0.  0.  0.  0.  0.  0.  0.
  0.  0.  0.  0.  0.  0.  0.  0.  0.  0.  0.  0.  0.  0.  0.  0.  0.  0.
  0.]
20181016002813
Z
[  1.64373512e-13   1.23839079e-13   3.16185023e-13   3.69489495e-13
   2.44367445e-13   3.58516282e-13   4.98858338e-13   2.54691228e-13
   3.70757812e-13   6.73756307e-13]
P
[ 0.  0.  0.  0.  0.  0.  0.  0.  0.  0.  0.  0.  0.  0.  0.  0.  0.  0.
  0.  0.  0.  0.  0.  0.  0.  0.  0.  0.  0.  0.  0.  0.  0.  0.  0.  0.]
20181016010343
Z
[  7.40500359e-14   3.20822498e-14   1.00793613e-13   1.31786727e-13
   1.25220578e-13   7.11116434e-14   9.84770094e-14   7.55571752e-14
   1.17885073e-13   7.09398918e-14   2.94720245e-13   2.04229519e-13
   1.83010748e-13   1.13628959e-13   1.56340629e-13   1.19255055e-13
   2.14331587e-13   2.55247858e-13   1.71144390e-13   1.15790008e-13
   7.03373615e-14   9.93450694e-14   8.09374105e-14   1.60284458e-13
   7.91767874e-13   4.80860343e-13   3.13480045e-13   4.83388265e-13
   3.60801399e-13   7.07134576e-13   4.18686611e-13   2.53084344e-13
   3.66426954e-13   3.07846997e-13   5.36680629e-13   2.11580040e-13
   2.94998961e-13   2.29308015e-13   3.90862309e-13   1.76792474e-13
   1.40613247e-13   2.39962243e-13   1.92199645e-13   3.40849509e-13
   2.65644961e-13]
P
[ 0.  0.  0.  0.  0.  0.  0.  0.  0.  0.  0.  0.  0.  0.  0.  0.  0.  0.
  0.  0.  0.  0.  0.  0.  0.  0.  0.  0.  0.  0.  0.  0.  0.  0.  0.  0.]
20181022061626
Z
[  3.48189880e-13   5.77446065e-13   4.71590951e-13   2.70276094e-13
   3.32479375e-13   1.90101343e-13   3.79588105e-13   3.66731358e-13
   2.37432860e-13   3.26702252e-13   3.55147424e-13   3.42671666e-13
   4.21358299e-13   7.73221704e-13   6.05398334e-13   3.66100090e-13
   4.08932665e-13   2.39713661e-13   4.94844815e-13   4.68646917e-13
   3.04446425e-13   4.31222886e-13   4.41765108e-13   4.38323325e-13
   5.28692305e-13   1.02278055e-12   6.34660886e-13   7.11783321e-13
   4.26880543e-13   8.55933399e-13   8.23064067e-13   5.34866816e-13
   7.87147622e-13   7.59429520e-13   7.68583931e-13   9.08267716e-13
   5.10244028e-13   5.16359257e-13   3.82020181e-13   7.66511437e-13
   7.53395257e-13   4.12458343e-13   6.86299640e-13   6.44218735e-13
   6.66275404e-13   7.95555315e-13   3.26100438e-13   2.36054923e-13
   4.38460368e-13   4.30984693e-13   2.59655560e-13   3.78082142e-13
   3.98174605e-13   3.69781428e-13   4.59203388e-13   2.26390107e-13
   4.58903902e-13   4.37175352e-13   2.87444505e-13   3.91805080e-13
   4.19055088e-13   4.08015161e-13   4.91228185e-13   3.51375138e-13
   3.39573749e-13   1.90550528e-13   2.74470533e-13   2.97295635e-13
   2.75964574e-13   3.39042274e-13   6.66124821e-13   3.66615597e-13
   5.65846556e-13   5.79287673e-13   5.61718031e-13   6.74613754e-13
   3.57887534e-13   5.42482153e-13   5.60219809e-13   5.41088549e-13
   6.54254547e-13   3.11423330e-13   3.31647210e-13   3.15356405e-13
   3.83229558e-13   4.63531993e-13   4.84150894e-13   5.66061250e-13
   4.75578991e-13   5.83382881e-13   5.72156094e-13]
P
[ 0.  0.  0.  0.  0.  0.  0.  0.  0.  0.  0.  0.  0.  0.  0.  0.  0.  0.
  0.  0.  0.  0.  0.  0.  0.  0.  0.  0.  0.  0.  0.  0.  0.  0.  0.  0.
  0.  0.  0.  0.  0.  0.  0.  0.  0.  0.  0.  0.  0.  0.  0.  0.  0.  0.
  0.  0.  0.  0.  0.  0.  0.  0.  0.  0.  0.  0.  0.  0.  0.  0.  0.  0.
  0.  0.  0.  0.  0.  0.  0.  0.  0.  0.  0.  0.  0.  0.  0.  0.  0.  0.
  0.]
20181029065421
Z
[  6.15723395e-13   1.85933814e-12   8.61468994e-13   6.75960042e-13
   5.02778426e-13   1.31959965e-12   1.17646114e-12   9.61036108e-13
   7.32635449e-13   1.33114938e-12   7.81382206e-13   7.27164084e-13
   6.96921879e-13   1.07699235e-12   1.04194180e-12   5.26749740e-13
   4.77202162e-13   3.08924542e-13   8.77051627e-13   8.31467277e-13
   7.17653307e-13   5.60519919e-13   8.56316093e-13   5.77202528e-13
   4.97646979e-13   5.08283594e-13   7.61990721e-13   1.10719503e-12
   1.06217033e-12   8.07467803e-13   1.78862937e-12   1.58029237e-12
   1.43808476e-12   1.18397529e-12   1.78946681e-12   1.24655864e-12
   1.11307618e-12   1.11950190e-12   1.64025343e-12   6.49354898e-13
   4.42976963e-13   8.93234553e-13   9.41990313e-13   8.29327225e-13
   6.50495656e-13   9.53935306e-13   6.88731475e-13   6.00502644e-13
   6.02055398e-13   8.68507463e-13   3.55200304e-13   8.52310192e-13
   8.60692957e-13   7.35437571e-13   5.60390333e-13   8.91076227e-13
   5.84733095e-13   5.28787611e-13   5.13256080e-13   7.77046280e-13
   6.02622515e-13   5.95312403e-13   5.00196271e-13   3.82210084e-13
   6.39719569e-13   3.98700501e-13   3.74344995e-13   3.53440022e-13
   5.43287068e-13   1.31795792e-12   1.18866431e-12   9.57244545e-13
   1.35030653e-12   1.00477393e-12   8.73449444e-13   8.93809106e-13
   1.30624165e-12   1.18849145e-12   9.40114222e-13   1.37112185e-12
   9.81528184e-13   8.59824547e-13   8.66748501e-13   1.27107861e-12
   8.03931778e-13   1.22372332e-12   8.36151311e-13   7.28016453e-13
   7.36210893e-13   1.07668488e-12   9.80415809e-13   6.42046326e-13
   5.77382084e-13   5.65919847e-13   8.59548118e-13   1.02677872e-12
   9.09247280e-13   9.13230706e-13   1.34046504e-12   6.00320519e-13
   5.87936041e-13   8.93766451e-13   5.31683579e-13   7.86123131e-13
   7.91321279e-13]
P
[ 0.  0.  0.  0.  0.  0.  0.  0.  0.  0.  0.  0.  0.  0.  0.  0.  0.  0.
  0.  0.  0.  0.  0.  0.  0.  0.  0.  0.  0.  0.  0.  0.  0.  0.  0.  0.
  0.  0.  0.  0.  0.  0.  0.  0.  0.  0.  0.  0.  0.  0.  0.  0.  0.  0.
  0.  0.  0.  0.  0.  0.  0.  0.  0.  0.  0.  0.  0.  0.  0.  0.  0.  0.
  0.  0.  0.  0.  0.  0.]
20181030021339
Z
[  2.38066348e-12   2.71248213e-12   4.54129461e-12   3.85387143e-12
   3.63468858e-12   3.19934427e-12   3.49940397e-12   2.37499098e-12
   4.13540137e-12   5.21335441e-12   4.00200912e-12   2.83587035e-12
   3.08457266e-12   2.62093401e-12   1.52588098e-12   2.72532560e-12
   2.16049625e-12   2.13140553e-12   1.82611100e-12   2.13775334e-12
   1.33187107e-12   2.54219895e-12   3.03804887e-12   2.34029234e-12
   1.64704508e-12   1.77354710e-12   1.50887640e-12   3.40688140e-12
   2.69939700e-12   2.52671243e-12   2.29901058e-12   2.47761457e-12
   1.63185304e-12   2.94464451e-12   3.88929157e-12   3.12778571e-12
   2.12043766e-12   2.02005172e-12   1.99449076e-12   4.20607145e-12
   4.25931884e-12   3.64114712e-12   4.19698506e-12   2.61717941e-12
   4.90037843e-12   6.07072249e-12   4.82325169e-12   3.29648790e-12
   3.54171596e-12   3.10316079e-12   3.72166065e-12   3.09742760e-12
   3.49807585e-12   2.42565727e-12   4.15824211e-12   5.10657609e-12
   4.12577268e-12   2.90215516e-12   3.06705416e-12   2.66114520e-12
   3.00736314e-12   3.59456294e-12   2.40736383e-12   4.30972870e-12
   5.06270485e-12   4.18395189e-12   2.90069776e-12   2.98891724e-12
   2.67046612e-12   2.88513096e-12   1.93029896e-12   3.39860756e-12
   4.24590991e-12   3.37139592e-12   2.34869747e-12   2.50770614e-12
   2.18135617e-12   2.26944875e-12   4.19333934e-12   4.89984115e-12
   4.00477792e-12   2.76491426e-12   2.89377924e-12   2.55528764e-12
   2.68265040e-12   3.21141951e-12   2.63386104e-12   1.84149432e-12
   1.93580489e-12   1.68272475e-12   5.74033225e-12   4.67695282e-12
   3.24642803e-12   3.47872270e-12   2.98597361e-12   5.70689128e-12
   3.94713348e-12   4.20464387e-12   3.67650309e-12   3.20320108e-12
   3.40923791e-12   2.98844649e-12   2.36556358e-12   2.06012788e-12
   2.17929100e-12]
P
[ 0.  0.  0.  0.  0.  0.  0.  0.  0.  0.  0.  0.  0.  0.  0.  0.  0.  0.
  0.  0.  0.  0.  0.  0.  0.  0.  0.  0.  0.  0.  0.  0.  0.  0.  0.  0.
  0.  0.  0.  0.  0.  0.  0.  0.  0.  0.  0.  0.  0.  0.  0.  0.  0.  0.
  0.  0.  0.  0.  0.  0.  0.  0.  0.  0.  0.  0.  0.  0.  0.  0.  0.  0.
  0.  0.  0.  0.  0.  0.  0.  0.  0.  0.  0.  0.  0.  0.  0.  0.  0.  0.
  0.  0.  0.  0.  0.  0.  0.  0.  0.  0.  0.  0.  0.  0.  0.  0.  0.  0.
  0.  0.  0.  0.  0.  0.  0.  0.  0.  0.  0.  0.  0.  0.  0.  0.  0.  0.
  0.  0.  0.  0.  0.  0.  0.  0.  0.  0.  0.  0.  0.  0.  0.  0.  0.  0.
  0.  0.  0.  0.  0.  0.  0.  0.  0.  0.  0.  0.  0.  0.  0.  0.  0.  0.
  0.  0.  0.  0.  0.  0.  0.  0.  0.  0.  0.  0.  0.  0.  0.  0.  0.  0.
  0.  0.  0.  0.  0.  0.  0.  0.  0.  0.  0.  0.  0.  0.  0.  0.  0.  0.
  0.  0.  0.  0.  0.  0.  0.  0.  0.  0.  0.  0.]
20181101221951
Z
[  6.05763540e-13   5.88031245e-13   7.58947561e-13   7.18973077e-13
   9.73738103e-13   1.30716707e-12   1.10203503e-12   8.80730570e-13
   9.08563807e-13   8.50512564e-13   7.20086149e-13   1.32390196e-12
   1.00896411e-12   7.66720724e-13   6.21526348e-13   7.72171467e-13
   7.60453858e-13   1.03154204e-12   1.35136224e-12   1.15453281e-12
   9.03461179e-13   9.57904366e-13   8.85131140e-13   7.55697518e-13
   1.38303393e-12   1.05261338e-12   7.97745458e-13   7.18398658e-13
   7.12184417e-13   9.73648144e-13   1.27102471e-12   1.07361353e-12
   8.38340951e-13   8.96961025e-13   8.19999333e-13   7.04762519e-13
   1.28365744e-12   9.79415742e-13   7.40642009e-13   9.10297410e-13
   1.18892477e-12   1.58321002e-12   1.35170426e-12   1.08255715e-12
   1.11158851e-12   1.05618355e-12   8.94438032e-13   1.62431821e-12
   1.23731585e-12   9.42243252e-13   1.19187524e-12   1.55143461e-12
   1.33580960e-12   1.04551943e-12   1.10283437e-12   1.03125259e-12
   8.74077395e-13   1.59727584e-12   1.21592097e-12   9.21687332e-13
   1.99013133e-12   1.74320687e-12   1.32376644e-12   1.48845810e-12
   1.35354729e-12   1.20664879e-12   2.06798823e-12   1.57634965e-12
   1.18931186e-12   2.11506098e-12   1.55547824e-12   1.90529380e-12
   1.74516830e-12   1.56391445e-12   2.52667547e-12   1.91337732e-12
   1.46392238e-12   1.43055069e-12   1.66498979e-12   1.52990858e-12
   1.36022599e-12   2.22603074e-12   1.69308867e-12   1.28434080e-12
   1.28044513e-12   1.18835425e-12   1.05670463e-12   1.71270325e-12
   1.29362522e-12   9.92871666e-13   1.27162607e-12   1.12245177e-12
   1.98652352e-12   1.51067689e-12   1.14388672e-12   1.04338871e-12
   1.82849998e-12   1.38963185e-12   1.05482678e-12   1.62681086e-12
   1.23656803e-12   9.37900037e-13   2.01680295e-12   1.53337655e-12
   1.16606450e-12]
P
[ 0.  0.  0.  0.  0.  0.  0.  0.  0.  0.  0.  0.  0.  0.  0.  0.  0.  0.
  0.  0.  0.  0.  0.  0.  0.  0.  0.  0.  0.  0.  0.  0.  0.  0.  0.  0.
  0.  0.  0.  0.  0.  0.  0.  0.  0.  0.  0.  0.  0.  0.  0.  0.  0.  0.
  0.  0.  0.  0.  0.  0.  0.  0.  0.  0.  0.  0.  0.  0.  0.  0.  0.  0.
  0.  0.  0.  0.  0.  0.  0.  0.  0.  0.  0.  0.  0.  0.  0.  0.  0.  0.
  0.  0.  0.  0.  0.  0.  0.  0.  0.  0.  0.  0.  0.  0.  0.  0.  0.  0.
  0.  0.  0.  0.  0.  0.  0.  0.  0.  0.  0.  0.  0.  0.  0.  0.  0.  0.
  0.  0.  0.  0.  0.  0.  0.  0.  0.  0.  0.  0.  0.  0.  0.  0.  0.  0.
  0.  0.  0.  0.  0.  0.  0.  0.  0.]
20181102110115
Z
[  1.24547422e-12   2.30576225e-13   1.84902081e-13   3.46444775e-13
   1.97674318e-13   3.71095073e-13   3.82949013e-13   6.49406236e-13
   3.98573407e-13   5.30754078e-13   5.17000203e-13   4.29535564e-13
   4.84623125e-13   4.34014509e-13   6.14650254e-13   4.86389535e-13
   3.90202208e-13   6.26877692e-13   4.13228759e-13   7.67060386e-13
   7.71790325e-13   1.16918229e-12   8.14934642e-13   1.06966806e-12
   9.95704297e-13   8.30318688e-13   9.18972054e-13   8.22892661e-13
   1.15462489e-12   1.51525511e-13   1.57033213e-13   1.58602350e-13
   2.86781124e-13   2.92489924e-13   3.36994373e-13   2.94953619e-13
   3.71609894e-13   3.07021000e-13   2.61538118e-13   2.78263497e-13
   2.53103344e-13   3.43689509e-13   1.27857992e-13   1.28884909e-13
   2.23197372e-13   2.33589476e-13   2.75226881e-13   2.31692555e-13
   2.87858442e-13   2.56740799e-13   2.06967697e-13   2.24555766e-13
   2.03466195e-13   2.67215005e-13   1.32067195e-13   2.52678734e-13
   2.57018473e-13   3.50954159e-13   2.67316459e-13   3.40451026e-13
   3.07385965e-13   2.64014313e-13   2.75847995e-13   2.43133129e-13
   3.54599770e-13   2.37782746e-13   2.42533980e-13   2.90306916e-13
   2.46749664e-13   3.07790157e-13   2.67918977e-13   2.20848155e-13
   2.40952371e-13   2.14356340e-13   2.86170439e-13   4.39187137e-13
   5.17923106e-13   4.15001456e-13   5.19773428e-13   4.75201270e-13
   3.75715077e-13   4.10844796e-13   3.79858456e-13   4.95316282e-13
   5.24625681e-13   4.55916937e-13   5.71589416e-13   4.83439219e-13
   4.12707521e-13   4.40240114e-13   3.91369359e-13   5.37898666e-13
   5.45433946e-13   7.00290743e-13   6.39050653e-13   5.25377589e-13
   5.88496373e-13   5.20541538e-13   7.07965236e-13   5.34178807e-13
   4.99324323e-13   3.88842865e-13   4.30784368e-13   3.97317003e-13
   5.18603150e-13   6.28037994e-13   4.82377063e-13   5.45748317e-13
   5.04854631e-13   6.60021083e-13   4.69074518e-13   5.18011171e-13
   4.58804153e-13   6.18023317e-13   4.06004099e-13   3.74603815e-13
   4.95597955e-13   4.17369208e-13   5.43774692e-13   5.03703493e-13]
P
[ 0.  0.  0.  0.  0.  0.  0.  0.  0.  0.  0.  0.  0.  0.  0.  0.  0.  0.
  0.  0.  0.  0.  0.  0.  0.  0.  0.  0.  0.  0.  0.  0.  0.  0.  0.  0.
  0.  0.  0.  0.  0.  0.  0.  0.  0.  0.  0.  0.  0.  0.  0.  0.  0.  0.
  0.  0.  0.  0.  0.  0.  0.  0.  0.  0.  0.  0.  0.  0.  0.  0.  0.  0.
  0.  0.  0.  0.  0.  0.  0.  0.  0.  0.  0.  0.  0.  0.  0.  0.  0.  0.
  0.  0.  0.  0.  0.  0.  0.  0.  0.  0.  0.  0.  0.  0.  0.  0.  0.  0.
  0.  0.  0.  0.  0.  0.  0.  0.  0.  0.  0.  0.  0.  0.  0.  0.  0.  0.
  0.  0.  0.  0.  0.  0.  0.  0.  0.  0.  0.  0.  0.  0.  0.  0.  0.  0.
  0.  0.  0.  0.  0.  0.  0.  0.  0.  0.  0.  0.  0.  0.  0.  0.  0.  0.
  0.  0.  0.  0.  0.  0.  0.  0.  0.  0.  0.  0.  0.  0.  0.  0.  0.  0.
  0.  0.  0.  0.  0.  0.  0.  0.  0.  0.]
20181110083321
Z
[  2.15025901e-14   3.90022646e-14   4.78912074e-14   4.03087188e-14
   4.46057213e-14   4.49107883e-14   3.89126004e-14   3.37209860e-14
   4.13725835e-14   8.14208933e-14   7.29710162e-14   8.26452998e-14
   7.66537138e-14   8.62063707e-14   7.17873862e-14]
P
[ 0.  0.  0.  0.  0.  0.  0.  0.  0.  0.  0.  0.  0.  0.  0.  0.  0.  0.
  0.  0.  0.]
singular matrix: continue
20181111140359
Z
[  1.75073942e-13   4.75756559e-14   1.99385888e-13   1.17255261e-13
   8.92256940e-14   3.10536396e-14   1.21716000e-13   1.42507339e-13
   1.09807574e-13   1.54847167e-13   1.17185360e-13   1.56817378e-13
   1.39972557e-13   1.01439043e-13   1.70813832e-13   4.62771276e-13
   3.98685715e-13   3.86349989e-13   9.74372609e-14   3.32003316e-13
   5.48625096e-13   3.20690261e-13   5.92479688e-13   3.10426901e-13
   4.78099829e-13   5.24294085e-13   3.63260109e-13   1.63462057e-13
   9.98727095e-14   1.33554637e-13   3.98232325e-14   9.80868053e-14
   1.66508163e-13   1.16426938e-13   1.69992954e-13   1.03595508e-13
   1.75071995e-13   1.70261152e-13   1.24721669e-13   3.40753005e-13
   3.04903072e-13   1.10541147e-13   3.46299785e-13   4.34836177e-13
   3.41242378e-13   4.67779821e-13   3.40601396e-13   4.87551647e-13
   4.43625579e-13   3.47047921e-13   2.30198048e-13   6.07507204e-14
   2.33122881e-13   3.18211976e-13   2.30112775e-13   3.66040348e-13
   2.15536752e-13   3.15000659e-13   3.27208778e-13   2.19508619e-13
   7.61469245e-14   1.94321199e-13   3.38406584e-13   2.23037611e-13
   3.62054707e-13   1.95197025e-13   3.44373887e-13   3.45369619e-13
   2.56409724e-13   6.68719594e-14   9.75404554e-14   7.41366112e-14
   1.03665639e-13   6.83248739e-14   1.06827376e-13   1.02612969e-13
   6.94554262e-14   2.85456306e-13   2.13765802e-13   3.14749796e-13
   2.05405055e-13   3.06180036e-13   2.83365410e-13   2.27082699e-13
   3.01077537e-13   4.95319490e-13   2.75671760e-13   4.52028568e-13
   4.54397951e-13   3.35846963e-13   3.28503866e-13   2.03777893e-13
   3.32378648e-13   3.11872914e-13   2.46681508e-13   2.96812741e-13
   4.82389816e-13   4.91050379e-13   3.65773159e-13   3.07648716e-13
   2.80028407e-13   2.22082807e-13   4.66690987e-13   3.43940810e-13
   3.47051780e-13]
P
[ 0.  0.  0.  0.  0.  0.  0.  0.  0.  0.  0.  0.  0.  0.  0.  0.  0.  0.
  0.  0.  0.  0.  0.  0.  0.  0.  0.  0.]
20181114212150
Z
[  1.31209879e-13   3.16996298e-13   2.12979532e-13   1.10312300e-13
   1.73015353e-13   1.08239019e-13   2.00101357e-13   1.83894947e-13
   4.83977586e-13   1.36198699e-13   1.43570637e-13   1.23473085e-13
   8.03258095e-14   1.06252646e-13   5.32309653e-14   1.63968472e-13
   1.82951250e-13   2.89855788e-13   1.06957402e-13   2.28965605e-13
   1.15477007e-13   1.83551624e-13   1.32440072e-13   1.86223140e-13
   2.13876385e-13   3.48202066e-13   1.39812240e-13   9.18192518e-14
   1.47916886e-13   1.14119223e-13   1.69160599e-13   2.13020480e-13
   3.05644368e-13   1.26281380e-13   1.60348147e-13   1.01028096e-13
   2.14387231e-13   2.00529387e-13   2.81513189e-13   9.39106864e-14
   1.39227180e-13   2.94113183e-13   2.98993933e-13   3.95764721e-13
   1.40986090e-13   1.73516145e-13   1.80291157e-13   2.38603988e-13
   9.12118163e-14   3.81910463e-13   5.72257277e-13   1.94213029e-13
   5.60207668e-13   2.13097130e-13   3.13633001e-13]
P
[ 0.  0.  0.  0.  0.  0.  0.  0.  0.  0.  0.  0.  0.  0.  0.  0.  0.  0.
  0.  0.  0.  0.  0.  0.  0.  0.  0.  0.]
20181118202546
Z
[  1.65089348e-12   1.35296319e-12   2.22056388e-12   4.37957544e-12
   1.28475535e-12   1.32377404e-12   1.90469565e-12   1.35056387e-12
   1.91134415e-12   1.60850009e-12   1.94591989e-12   1.50814181e-12
   2.44786074e-12   2.38220586e-12   7.41731082e-13   1.07958807e-12
   1.80490915e-12   5.68464041e-13   6.31916660e-13   7.72970833e-13
   6.45885338e-13   8.72434851e-13   6.50651745e-13   8.93450868e-13
   6.99684887e-13   1.07516657e-12   9.60607550e-13   1.06666479e-12
   1.75445586e-12   4.96482123e-13   5.96339879e-13   6.67708374e-13
   5.75320275e-13   8.18486206e-13   5.86968125e-13   8.53531761e-13
   6.85667766e-13   1.03362661e-12   8.85657925e-13   2.69566547e-12
   8.31722070e-13   1.01362081e-12   1.13260768e-12   9.86053460e-13
   1.22399270e-12   9.06982309e-13   1.32018150e-12   1.09686558e-12
   1.59206303e-12   1.49796712e-12   1.26358507e-12   1.42445339e-12
   1.94117682e-12   1.50670171e-12   2.08674546e-12   1.53141919e-12
   2.15210927e-12   1.74057510e-12   2.71256314e-12   2.39985984e-12
   5.14927995e-13   5.83725698e-13   4.83335350e-13   6.32101766e-13
   5.16453009e-13   6.69151370e-13   5.27262171e-13   7.90530821e-13
   7.72546639e-13   6.65901599e-13   5.85440565e-13   7.05921830e-13
   5.43094686e-13   7.58422880e-13   6.15401731e-13   8.93664083e-13
   8.50072924e-13   6.32759987e-13   8.83262617e-13   7.21514338e-13
   9.20478710e-13   7.27767234e-13   1.12447418e-12   1.09111558e-12
   7.22735785e-13   5.83367650e-13   7.68917438e-13   6.13058346e-13
   9.14147248e-13   8.87629700e-13   7.26591559e-13   1.00713672e-12
   7.97941019e-13   1.22732112e-12   1.09418989e-12   7.54288963e-13
   5.90993169e-13   9.17420804e-13   8.59642169e-13   8.43136976e-13
   1.27439801e-12   1.15608508e-12   1.02245704e-12   9.32285486e-13
   1.41470485e-12]
P
[ 0.  0.  0.  0.  0.  0.  0.  0.  0.  0.  0.  0.  0.  0.  0.  0.  0.  0.
  0.  0.  0.  0.  0.  0.  0.  0.  0.  0.  0.  0.  0.  0.  0.  0.  0.  0.
  0.  0.  0.  0.  0.  0.  0.  0.  0.  0.  0.  0.  0.  0.  0.  0.  0.  0.
  0.  0.  0.  0.  0.  0.  0.  0.  0.  0.  0.  0.  0.  0.  0.  0.  0.  0.
  0.  0.  0.  0.  0.  0.  0.  0.  0.  0.  0.  0.  0.  0.  0.  0.  0.  0.
  0.  0.  0.  0.  0.  0.  0.  0.  0.  0.  0.  0.  0.  0.  0.  0.  0.  0.
  0.  0.  0.  0.  0.  0.  0.  0.  0.  0.  0.  0.]
20181130172929
Z
[  5.92428396e-12   1.39082403e-11   7.96971682e-12   7.43542690e-12
   9.65534618e-12   7.65466953e-12   1.02704284e-11   8.16419000e-12
   8.55147195e-12   8.15853879e-12   1.03002333e-11   7.93305180e-12
   6.88116434e-12   6.49391273e-12   6.54152319e-12   1.31591106e-11
   1.18372326e-11   7.64183973e-12   1.02380905e-11   7.02896316e-12
   1.07497471e-11   8.23272358e-12   8.26125641e-12   9.39398376e-12
   1.13645952e-11   9.18181109e-12   7.69012518e-12   6.96939134e-12
   7.09859885e-12   2.81116919e-11   1.55426053e-11   2.39848682e-11
   1.35052112e-11   2.05052199e-11   1.59477612e-11   1.67671524e-11
   1.93481198e-11   2.28094713e-11   1.87719195e-11   1.57544473e-11
   1.42330996e-11   1.55175007e-11   1.32492784e-11   1.97081839e-11
   1.17010592e-11   1.72892862e-11   1.32254217e-11   1.31697518e-11
   1.50085450e-11   1.76267600e-11   1.50939070e-11   1.25718169e-11
   1.10076607e-11   1.20271632e-11   1.19030951e-11   8.23403345e-12
   1.24148395e-11   9.56230443e-12   9.67345716e-12   1.08801208e-11
   1.31257998e-11   1.05217126e-11   8.85348386e-12   8.05263263e-12
   8.24798492e-12   1.11431356e-11   1.70083389e-11   1.31568288e-11
   1.34409792e-11   1.52199139e-11   1.82081432e-11   1.47648104e-11
   1.23963827e-11   1.12531009e-11   1.17033520e-11   1.17315340e-11
   9.06354576e-12   9.16709335e-12   1.00858435e-11   1.22491022e-11
   9.76983745e-12   8.24409400e-12   7.52860671e-12   7.63114290e-12
   1.28309839e-11   1.28908792e-11   1.44061760e-11   1.74247242e-11
   1.39917027e-11   1.17419016e-11   1.06715166e-11   1.08717699e-11
   9.97376539e-12   1.10648785e-11   1.33927480e-11   1.07567480e-11
   9.04323414e-12   8.23059404e-12   8.36522336e-12   1.11683375e-11
   1.35368099e-11   1.08331487e-11   9.14488676e-12   8.35178715e-12
   8.53940833e-12   1.44036448e-11   1.20130458e-11   1.01607427e-11
   9.01382146e-12   9.66560848e-12   1.44307530e-11   1.22224553e-11
   1.08704143e-11   1.16177946e-11   9.83521244e-12   8.83324168e-12
   9.33945596e-12   7.48167463e-12   7.86370654e-12   7.13454928e-12]
P
[ 0.  0.  0.  0.  0.  0.  0.  0.  0.  0.  0.  0.  0.  0.  0.  0.  0.  0.
  0.  0.  0.  0.  0.  0.  0.  0.  0.  0.  0.  0.  0.  0.  0.  0.  0.  0.
  0.  0.  0.  0.  0.  0.  0.  0.  0.  0.  0.  0.  0.  0.  0.  0.  0.  0.
  0.  0.  0.  0.  0.  0.  0.  0.  0.  0.  0.  0.  0.  0.  0.  0.  0.  0.
  0.  0.  0.  0.  0.  0.  0.  0.  0.  0.  0.  0.  0.  0.  0.  0.  0.  0.
  0.  0.  0.  0.  0.  0.  0.  0.  0.  0.  0.  0.  0.  0.  0.  0.  0.  0.
  0.  0.  0.  0.  0.  0.  0.  0.  0.  0.  0.  0.  0.  0.  0.  0.  0.  0.
  0.  0.  0.  0.  0.  0.  0.  0.  0.  0.  0.  0.  0.  0.  0.  0.  0.  0.
  0.  0.  0.  0.  0.  0.  0.  0.  0.  0.  0.  0.  0.  0.  0.  0.  0.  0.
  0.  0.  0.  0.  0.  0.  0.  0.  0.  0.  0.  0.  0.  0.  0.  0.  0.  0.
  0.  0.  0.  0.  0.  0.  0.  0.  0.  0.  0.  0.  0.  0.  0.  0.  0.  0.
  0.  0.  0.  0.  0.  0.  0.  0.  0.  0.  0.  0.  0.  0.  0.  0.  0.  0.
  0.  0.  0.  0.  0.  0.  0.  0.  0.  0.  0.  0.  0.  0.  0.]
20181219013740
Z
[  1.09532346e-13   1.94402448e-13   1.78629864e-13   7.76321195e-14
   1.93722761e-13   1.76418202e-13   2.67891989e-13   2.93392052e-13
   2.16339125e-13   1.79189594e-13   2.03068250e-13   1.91632568e-13
   1.55269337e-13   1.06050039e-13   3.62975613e-14   1.03059890e-13
   9.41360912e-14   1.84929782e-13   1.76652275e-13   1.43211867e-13
   1.17244783e-13   1.32268944e-13   1.26406275e-13   1.39264867e-13
   5.91628488e-14   1.75102327e-13   1.65656693e-13   2.98187883e-13
   2.74912321e-13   2.48017106e-13   2.04540083e-13   2.00603481e-13
   2.03819961e-13   1.67308853e-13   2.96908507e-13   3.26534076e-13
   2.87639275e-13   4.23517728e-13   2.88059906e-13   2.46588102e-13
   2.75413431e-13   2.87094386e-13   1.59670604e-13   1.58847610e-13
   1.40019470e-13   2.12639647e-13   1.32503404e-13   1.14690832e-13
   1.31202550e-13   1.29831756e-13   3.28229993e-13   3.32630423e-13
   4.19979330e-13   3.04243977e-13   2.60804978e-13   2.67797651e-13
   2.81667260e-13   3.21325177e-13   4.46475525e-13   2.84122097e-13
   2.44060988e-13   2.82223006e-13   2.71156808e-13   4.74522916e-13
   3.74552585e-13   3.14701503e-13   3.17824203e-13   3.21097796e-13
   4.43099455e-13   3.76625424e-13   3.92509907e-13   4.11811277e-13
   2.63734688e-13   2.97314830e-13   2.84298782e-13   2.51110794e-13
   2.40439363e-13   2.74778944e-13]
P
[ 0.  0.  0.  0.  0.  0.  0.  0.  0.  0.  0.  0.  0.  0.  0.  0.  0.  0.
  0.  0.  0.  0.  0.  0.  0.  0.  0.  0.  0.  0.  0.  0.  0.  0.  0.  0.
  0.  0.  0.  0.  0.  0.  0.  0.  0.  0.  0.  0.  0.  0.  0.  0.  0.  0.
  0.  0.  0.  0.  0.  0.  0.  0.  0.  0.  0.  0.  0.  0.  0.  0.  0.  0.
  0.  0.  0.  0.  0.  0.  0.  0.  0.  0.  0.  0.  0.  0.  0.  0.  0.  0.
  0.]
20181220170155
Z
[  3.44015902e-12   3.47466805e-12   3.05949205e-12   3.98669807e-12
   4.13681494e-12   4.55771653e-12   3.87159683e-12   4.71013479e-12
   2.43445680e-12   3.39593071e-12   3.55532696e-12   4.13475667e-12
   3.96197614e-12   3.70839398e-12   3.08654141e-12   2.74682310e-12
   3.44319204e-12   3.62635913e-12   4.04185349e-12   3.55638475e-12
   4.28643066e-12   2.22351398e-12   3.10781500e-12   3.25752223e-12
   3.79954277e-12   3.57587824e-12   3.37606042e-12   2.62900572e-12
   3.70402914e-12   3.55123953e-12   4.04310860e-12   3.44371715e-12
   4.10786762e-12   2.21185224e-12   2.88729461e-12   3.06368736e-12
   3.56813519e-12   3.48550987e-12   3.20072510e-12   3.21609991e-12
   3.08420979e-12   3.55381681e-12   2.99665733e-12   3.60876022e-12
   1.93130791e-12   2.55081413e-12   2.67844856e-12   3.12593115e-12
   3.02059733e-12   2.79283296e-12   4.45254913e-12   4.83666240e-12
   4.09227264e-12   4.91923655e-12   2.59291024e-12   3.55131835e-12
   3.75167566e-12   4.32302489e-12   4.21519443e-12   3.90117791e-12
   5.01706844e-12   4.19065921e-12   4.80649953e-12   2.62347017e-12
   3.46534782e-12   3.65151819e-12   4.18398473e-12   4.06298507e-12
   3.77940655e-12   4.67517407e-12   5.49877784e-12   2.87703826e-12
   4.00413391e-12   4.20082501e-12   4.84065361e-12   4.64874916e-12
   4.36275053e-12   4.61910519e-12   2.45884484e-12   3.35590661e-12
   3.56305130e-12   4.10240322e-12   3.93451399e-12   3.68925037e-12
   2.92778750e-12   4.00725863e-12   4.16207392e-12   4.88734831e-12
   4.66260279e-12   4.37728812e-12   2.11777962e-12   2.26273153e-12
   2.60402738e-12   2.51434324e-12   2.33602776e-12   2.97729596e-12
   3.46915736e-12   3.31179005e-12   3.11018051e-12   3.61800801e-12
   3.50916236e-12   3.23925951e-12   4.06637447e-12   3.76739348e-12
   3.65024622e-12]
P
[ 0.  0.  0.  0.  0.  0.  0.  0.  0.  0.  0.  0.  0.  0.  0.  0.  0.  0.
  0.  0.  0.  0.  0.  0.  0.  0.  0.  0.  0.  0.  0.  0.  0.  0.  0.  0.
  0.  0.  0.  0.  0.  0.  0.  0.  0.  0.  0.  0.  0.  0.  0.  0.  0.  0.
  0.  0.  0.  0.  0.  0.  0.  0.  0.  0.  0.  0.  0.  0.  0.  0.  0.  0.
  0.  0.  0.  0.  0.  0.  0.  0.  0.  0.  0.  0.  0.  0.  0.  0.  0.  0.
  0.  0.  0.  0.  0.  0.  0.  0.  0.  0.  0.  0.  0.  0.  0.  0.  0.  0.
  0.  0.  0.  0.  0.  0.  0.  0.  0.  0.  0.  0.  0.  0.  0.  0.  0.  0.
  0.  0.  0.  0.  0.  0.  0.  0.  0.  0.  0.  0.  0.  0.  0.  0.  0.  0.
  0.  0.  0.  0.  0.  0.  0.  0.  0.  0.  0.  0.  0.  0.  0.  0.  0.  0.
  0.  0.  0.  0.  0.  0.  0.  0.  0.]
20181223230843
Z
[  4.54765600e-13   1.06636267e-12   6.95916780e-13   8.65237549e-14
   3.51341399e-13   4.20661154e-13   3.41797461e-13   1.03026582e-12
   7.81271074e-13   4.80278475e-13   4.95851632e-13   7.99425633e-13
   6.28093183e-13   7.61004446e-13   4.49872289e-13   3.95226760e-13
   1.05303921e-12   7.40520731e-13   6.35453662e-13   1.00460794e-12
   9.18741572e-13   6.94745665e-13   5.40274916e-13   8.26293166e-13
   7.03424110e-13   9.35277011e-13   5.38867283e-13   1.53109618e-12
   1.14652295e-12   1.01166632e-12   1.82206188e-12   1.50960417e-12
   1.17205214e-12   9.80542443e-13   1.51351542e-12   1.25416555e-12
   4.93339802e-13   1.23266314e-12   8.61834191e-13   7.76188125e-13
   1.23335513e-12   1.03212429e-12   8.70530508e-13   6.98302582e-13
   1.03650492e-12   8.77959106e-13   1.05710675e-12   7.43566092e-13
   6.34723638e-13   9.16531698e-13   7.97428804e-13   6.76646749e-13
   4.99501558e-13   7.43331255e-13   6.63260868e-13   1.82426069e-12
   1.56711235e-12   2.30770572e-12   2.04816312e-12   1.68312372e-12
   1.26683394e-12   1.90326107e-12   1.64953828e-12   1.11903013e-12
   1.71197447e-12   1.50634883e-12   1.20824720e-12   9.23599682e-13
   1.40272335e-12   1.20701398e-12   1.45712169e-12   1.28489357e-12
   1.04063832e-12   7.98486102e-13   1.20579500e-12   1.03581401e-12
   1.96546732e-12   1.61296042e-12   1.27126191e-12   1.93054398e-12
   1.67188115e-12   1.41004064e-12   1.07896179e-12   1.63396231e-12
   1.42357312e-12   8.83270081e-13   1.33420545e-12   1.14337908e-12
   1.03986026e-12   8.97245069e-13   1.36149892e-12]
P
[ 0.  0.  0.  0.  0.  0.  0.  0.  0.  0.  0.  0.  0.  0.  0.  0.  0.  0.
  0.  0.  0.  0.  0.  0.  0.  0.  0.  0.  0.  0.  0.  0.  0.  0.  0.  0.
  0.  0.  0.  0.  0.  0.  0.  0.  0.  0.  0.  0.  0.  0.  0.  0.  0.  0.
  0.  0.  0.  0.  0.  0.  0.  0.  0.  0.  0.  0.  0.  0.  0.  0.  0.  0.
  0.  0.  0.  0.  0.  0.  0.  0.  0.  0.  0.  0.  0.  0.  0.  0.  0.  0.
  0.  0.  0.  0.  0.  0.  0.  0.  0.  0.  0.  0.  0.  0.  0.]
20190105192538
Z
[  2.34422532e-13   3.44274727e-13   5.93552611e-13   4.76482785e-13
   2.70762852e-13   6.16587925e-13   5.30403749e-13   4.07621756e-13
   3.78854633e-13   3.97487559e-13   4.26844779e-13   4.55212179e-13
   2.22924166e-13   1.50512313e-13   4.49077422e-13   4.12026741e-13
   4.13633596e-13   3.27739411e-13   3.69457233e-13   6.63043220e-13
   3.57581199e-13   2.25956937e-13   6.36962760e-13   5.72077711e-13
   5.65505479e-13   4.70187797e-13   5.09901739e-13   5.92612522e-13
   3.43247211e-13   8.07719726e-13   7.49645770e-13   6.67833289e-13
   6.14839638e-13   6.03262184e-13   2.57998598e-13   5.74565134e-13
   4.77127799e-13   4.03256875e-13   3.81359082e-13   3.79160704e-13
   3.54038665e-13   2.87904172e-13   2.47461631e-13   2.25119009e-13
   2.32977402e-13   7.33264964e-13   6.40386541e-13   5.60052104e-13
   5.88786565e-13   5.89626142e-13   5.12471278e-13   5.45292143e-13
   4.58379479e-13   4.87453496e-13   4.17358743e-13]
P
[ 0.  0.  0.  0.  0.  0.  0.  0.  0.  0.  0.  0.  0.  0.  0.  0.  0.  0.
  0.  0.  0.  0.  0.  0.  0.  0.  0.  0.  0.  0.  0.  0.  0.  0.  0.  0.]
20190115180634
Z
[  1.94447213e-13   1.07764829e-13   2.56630051e-13   3.54625450e-13
   1.32090277e-13   3.16470790e-13   3.65231168e-13   1.77473328e-13
   2.51982482e-13   6.46013500e-13]
P
[ 0.  0.  0.  0.  0.  0.  0.  0.  0.  0.  0.  0.  0.  0.  0.  0.  0.  0.
  0.  0.  0.  0.  0.  0.  0.  0.  0.  0.]
20190201161412
Z
[  1.24185374e-12   2.31847387e-12   2.73148401e-12   1.76392987e-12
   2.49409631e-12   1.31091321e-12   2.26296911e-12   2.45197865e-12
   1.77530967e-12   1.85535029e-12   1.56899352e-12   2.46088072e-12
   2.91869217e-12   1.42740860e-12   1.78340839e-12   1.52838735e-12
   1.06482588e-12   1.71081861e-12   9.80295221e-13   1.62661810e-12
   1.81528716e-12   1.08962798e-12   1.31074941e-12   1.06442168e-12
   1.61981627e-12   1.74175612e-12   9.36987412e-13   2.73653462e-12
   1.86911052e-12   2.87784705e-12   1.61819581e-12   2.71660303e-12
   3.00655779e-12   1.88311494e-12   2.18883323e-12   1.78812914e-12
   2.75092548e-12   3.01337248e-12   1.58931893e-12   2.20778471e-12
   2.97465057e-12   1.67867883e-12   2.91743601e-12   2.96542598e-12
   2.12085128e-12   2.22078145e-12   1.82481229e-12   2.96420954e-12
   3.31341302e-12   1.70561114e-12   2.00637456e-12   1.19240826e-12
   2.04100728e-12   2.04946088e-12   1.45520520e-12   1.52391589e-12
   1.25595746e-12   2.04001376e-12   2.23099195e-12   1.17290324e-12
   1.66245016e-12   2.82894030e-12   3.06877583e-12   2.00022825e-12
   2.25473328e-12   1.84636642e-12   2.87620573e-12   3.18307233e-12
   1.66065564e-12   1.80810204e-12   1.87070020e-12   1.21584020e-12
   1.35568682e-12   1.13270518e-12   1.77830976e-12   1.86881613e-12
   1.02217654e-12   3.11196424e-12   2.05312305e-12   2.26824677e-12
   1.88455369e-12   2.97614823e-12   3.16161942e-12   1.71222676e-12
   2.11283813e-12   2.43380577e-12   2.01263636e-12   3.11931073e-12
   3.35878663e-12   1.79721085e-12   1.56195362e-12   1.30329031e-12
   2.07057266e-12   2.26486507e-12   1.19294008e-12   1.47249897e-12
   2.28443724e-12   2.48219904e-12   1.31778791e-12   1.90374625e-12
   2.06224936e-12   1.09553468e-12   3.24545609e-12   1.72225878e-12
   1.86664488e-12]
P
[ 0.  0.  0.  0.  0.  0.  0.  0.  0.  0.  0.  0.  0.  0.  0.  0.  0.  0.
  0.  0.  0.  0.  0.  0.  0.  0.  0.  0.  0.  0.  0.  0.  0.  0.  0.  0.
  0.  0.  0.  0.  0.  0.  0.  0.  0.  0.  0.  0.  0.  0.  0.  0.  0.  0.
  0.  0.  0.  0.  0.  0.  0.  0.  0.  0.  0.  0.]
20190217143555
Z
[  1.11067594e-12   1.41860890e-12   2.55230546e-12   2.17704264e-12
   1.56349026e-12   1.09200456e-12   1.73281271e-12   3.04971851e-12
   1.64009332e-12   1.67608645e-12   1.32641988e-12   1.58725844e-12
   2.67353425e-12   1.19501439e-12   2.03666096e-12   1.81388550e-12
   1.26264889e-12   8.96465249e-13   1.35286033e-12   2.26591082e-12
   1.28796203e-12   1.38286882e-12   1.05283211e-12   1.29714397e-12
   2.03175605e-12   3.39230080e-12   3.28745460e-12   2.01905376e-12
   1.72420134e-12   2.33696345e-12   3.85156398e-12   2.27958148e-12
   2.61233994e-12   1.74646164e-12   2.28196325e-12   3.40017976e-12
   5.55727166e-12   3.48675593e-12   2.84982476e-12   3.98637670e-12
   6.57907485e-12   3.83012704e-12   4.37535040e-12   3.00042337e-12
   3.89132416e-12   5.82619635e-12   3.52589270e-12   3.15585662e-12
   4.41856645e-12   6.50969413e-12   4.06879853e-12   5.00811028e-12
   3.54087910e-12   4.64009514e-12   6.34400548e-12   1.88812958e-12
   2.71728702e-12   4.03516778e-12   2.48797475e-12   3.00815198e-12
   2.20471290e-12   2.83950292e-12   3.92295484e-12   2.22288841e-12
   3.60107161e-12   2.03587653e-12   2.45526361e-12   1.65145688e-12
   2.18634656e-12   3.13603774e-12   5.06852881e-12   2.89828914e-12
   3.53186631e-12   2.53534525e-12   3.29845113e-12   4.57557374e-12
   4.79079296e-12   5.68745471e-12   4.02436111e-12   5.26416102e-12
   7.36573514e-12   3.15778752e-12   2.13072458e-12   2.81878575e-12
   4.15268395e-12   2.63408383e-12   3.46925108e-12   4.96208865e-12
   2.46822777e-12   3.53956317e-12   4.59619581e-12]
P
[ 0.  0.  0.  0.  0.  0.  0.  0.  0.  0.  0.  0.  0.  0.  0.  0.  0.  0.
  0.  0.  0.  0.  0.  0.  0.  0.  0.  0.  0.  0.  0.  0.  0.  0.  0.  0.
  0.  0.  0.  0.  0.  0.  0.  0.  0.  0.  0.  0.  0.  0.  0.  0.  0.  0.
  0.  0.  0.  0.  0.  0.  0.  0.  0.  0.  0.  0.  0.  0.  0.  0.  0.  0.
  0.  0.  0.  0.  0.  0.  0.  0.  0.  0.  0.  0.  0.  0.  0.  0.  0.  0.
  0.  0.  0.  0.  0.  0.  0.  0.  0.  0.  0.  0.  0.  0.  0.  0.  0.  0.
  0.  0.  0.  0.  0.  0.  0.  0.  0.  0.  0.  0.]
20190222101723
Z
[  5.11807264e-12   4.06449536e-12   3.17365956e-12   2.36143843e-12
   3.27669600e-12   2.25283194e-12   2.44830769e-12   2.93787140e-12
   3.21631466e-12   2.90820623e-12   3.36522684e-12   2.23689158e-12
   3.24595597e-12   5.16792611e-12   4.03411431e-12   3.19154656e-12
   4.44102497e-12   3.07509243e-12   3.32835305e-12   4.06152581e-12
   4.41270445e-12   4.01389473e-12   4.60755477e-12   3.03670515e-12
   4.43769117e-12   3.58759930e-12   2.95153210e-12   4.03144117e-12
   3.00256842e-12   3.12813216e-12   3.92698940e-12   4.18078697e-12
   3.84443331e-12   4.43481342e-12   2.88042183e-12   4.18352171e-12
   2.32044605e-12   3.38728440e-12   2.30218127e-12   2.48525343e-12
   3.12427200e-12   3.38474057e-12   3.07344687e-12   3.55085126e-12
   2.29158543e-12   3.38825465e-12   3.05189187e-12   2.17169093e-12
   2.36574205e-12   2.80265385e-12   3.04033631e-12   2.78609825e-12
   3.09304930e-12   1.99370186e-12   3.00608100e-12   2.91964994e-12
   3.21927203e-12   3.81012811e-12   4.19932828e-12   3.79211444e-12
   4.52501005e-12   2.89328648e-12   4.34906585e-12   2.27988064e-12
   2.80215037e-12   3.00196767e-12   2.75710487e-12   3.09829034e-12
   1.99001759e-12   2.94301882e-12   2.98354283e-12   3.22317425e-12
   2.95771111e-12   3.31860641e-12   2.12585506e-12   3.20443996e-12
   3.89082130e-12   3.55438356e-12   4.24264359e-12   2.69985137e-12
   4.01882819e-12   3.82484071e-12   4.57986763e-12   2.93184475e-12
   4.34361052e-12   4.15308162e-12   2.64132122e-12   3.96152821e-12
   3.05883144e-12   4.51734461e-12   2.88094902e-12]
P
[ 0.  0.  0.  0.  0.  0.  0.  0.  0.  0.  0.  0.  0.  0.  0.  0.  0.  0.
  0.  0.  0.  0.  0.  0.  0.  0.  0.  0.  0.  0.  0.  0.  0.  0.  0.  0.
  0.  0.  0.  0.  0.  0.  0.  0.  0.  0.  0.  0.  0.  0.  0.  0.  0.  0.
  0.  0.  0.  0.  0.  0.  0.  0.  0.  0.  0.  0.  0.  0.  0.  0.  0.  0.
  0.  0.  0.  0.  0.  0.  0.  0.  0.  0.  0.  0.  0.  0.  0.  0.  0.  0.
  0.  0.  0.  0.  0.  0.  0.  0.  0.  0.  0.  0.  0.  0.  0.  0.  0.  0.
  0.  0.  0.  0.  0.  0.  0.  0.  0.  0.  0.  0.]
20190301085042
Z
[  5.10742165e-13   2.95691994e-13   5.53841783e-13   4.12185502e-13
   5.17483164e-13   3.93573767e-13   5.42715630e-13   6.97416470e-13
   7.83133986e-13   4.37786657e-13   4.39081587e-13   6.43322803e-13
   6.34012992e-13   2.98257950e-13   6.13849084e-13   5.30759001e-13
   6.20440418e-13   5.08160162e-13   6.15176467e-13   7.81570107e-13
   9.18589752e-13   4.73378582e-13   5.23018678e-13   7.42307389e-13
   7.19437371e-13   3.99943906e-13   2.99330187e-13   3.22758335e-13
   2.40685266e-13   3.75589956e-13   4.29536278e-13   4.48387435e-13
   2.74169578e-13   2.79189732e-13   4.18112689e-13   3.90407336e-13
   5.76977996e-13   7.09470305e-13   5.71161779e-13   7.54623019e-13
   7.80551027e-13   9.25571046e-13   5.90995127e-13   5.54971665e-13
   8.65853202e-13   7.82864603e-13   5.09982146e-13   4.09851124e-13
   5.55552640e-13   6.37552087e-13   7.06367083e-13   4.15931574e-13
   4.14782360e-13   6.33398210e-13   5.93916493e-13   5.58093162e-13
   7.27695647e-13   7.80084701e-13   9.39173001e-13   5.52640380e-13
   5.25229164e-13   8.13585533e-13   7.55910892e-13   5.74187828e-13
   6.45032344e-13   7.58121709e-13   4.11757785e-13   4.26022692e-13
   6.50932359e-13   6.11621663e-13   8.23307213e-13   9.55975435e-13
   5.77662751e-13   5.52684820e-13   8.45816185e-13   7.85178494e-13
   1.11285663e-12   6.72993697e-13   6.46757079e-13   9.54061119e-13
   8.99792865e-13   7.66568876e-13   7.33116661e-13   1.09579259e-12
   1.05151090e-12   4.35694965e-13   6.67840014e-13   6.32448537e-13
   6.31615391e-13   6.00230180e-13   9.02477868e-13]
P
[ 0.  0.  0.  0.  0.  0.  0.  0.  0.  0.  0.  0.  0.  0.  0.  0.  0.  0.
  0.  0.  0.  0.  0.  0.  0.  0.  0.  0.  0.  0.  0.  0.  0.  0.  0.  0.
  0.  0.  0.  0.  0.  0.  0.  0.  0.  0.  0.  0.  0.  0.  0.  0.  0.  0.
  0.  0.  0.  0.  0.  0.  0.  0.  0.  0.  0.  0.]
20190310081226
Z
[  3.25074095e-13   4.17142049e-13   5.47692648e-13   8.24487697e-13
   7.74224896e-13   1.06596494e-12   1.71323062e-12   8.13892486e-13
   6.88993956e-13   2.66301905e-13   3.53328227e-13   2.68244503e-13
   4.49682173e-13   6.01205762e-13   5.97042224e-13   4.34533732e-13
   3.36857946e-13   3.46106471e-13   3.29879849e-13   4.91929456e-13
   5.60078191e-13   7.23291766e-13   4.74071608e-13   3.78483174e-13
   4.10058716e-13   6.19107212e-13   7.41464511e-13   9.51944728e-13
   6.15082211e-13   4.84612920e-13   7.22343567e-13   8.56896440e-13
   1.27646295e-12   6.95643211e-13   5.72823715e-13   1.07288234e-12
   1.25786434e-12   9.00495094e-13   7.21187742e-13   1.84317344e-12
   1.13739853e-12   8.84407865e-13   1.37980473e-12   1.12821291e-12
   7.02161594e-13]
P
[ 0.  0.  0.  0.  0.  0.  0.  0.  0.  0.  0.  0.  0.  0.  0.  0.  0.  0.
  0.  0.  0.]
20190320152358
Z
[  8.35922658e-13   8.95492464e-13   8.64995009e-13   1.55070913e-12
   5.99285031e-13   1.46531855e-12   1.17990319e-12   7.39316650e-13
   1.87453562e-12   1.08069462e-12   7.31594271e-13   7.77634251e-13
   8.04490369e-13   4.05530617e-13   4.27126829e-13   7.86462323e-13
   2.47912359e-13   6.16507743e-13   5.87378758e-13   3.59486898e-13
   7.96155025e-13   5.19018174e-13   3.55468653e-13   3.71020724e-13
   3.55645595e-13   4.66035304e-13   1.10674670e-12   3.74941815e-13
   8.25062835e-13   1.01657840e-12   4.88418510e-13   1.43588910e-12
   8.13386523e-13   5.66872057e-13   4.78093073e-13   5.48183429e-13
   8.51786830e-13   3.00026833e-13   6.52696191e-13   7.24723167e-13
   4.46791658e-13   9.68417699e-13   5.89912101e-13   4.02673681e-13
   4.41828753e-13   4.14528345e-13   6.43966585e-13   1.33292279e-12
   1.94068188e-12   1.00390953e-12   2.63789692e-12   1.41532506e-12
   1.03414093e-12   9.14200287e-13   9.53203195e-13   5.12097725e-13
   5.39637571e-13   2.72584502e-13   7.89460269e-13   4.35811931e-13
   3.05166961e-13   2.85686665e-13   3.11306458e-13   1.16976411e-12
   6.06158401e-13   1.80769763e-12   9.48908939e-13   6.63752178e-13
   6.46068201e-13   7.15394891e-13   8.18626729e-13   2.30726042e-12
   1.25450402e-12   9.14043243e-13   7.67348783e-13   8.46929071e-13
   1.02138470e-12   6.22653108e-13   4.40503682e-13   4.23630668e-13
   4.12993535e-13   1.70875302e-12   1.25047098e-12   1.01911286e-12
   1.21048682e-12   7.08165625e-13   5.93632400e-13   6.59615238e-13
   4.17738903e-13   4.72965261e-13   4.15206016e-13]
P
[ 0.  0.  0.  0.  0.  0.  0.  0.  0.  0.  0.  0.  0.  0.  0.  0.  0.  0.
  0.  0.  0.  0.  0.  0.  0.  0.  0.  0.  0.  0.  0.  0.  0.  0.  0.  0.]
20190323192117
Z
[  1.27734693e-12   9.60073393e-13   6.11015026e-13   1.11806403e-12
   9.69901607e-13   1.08463896e-12   9.87096291e-13   1.27874546e-12
   1.08916703e-12   1.52186038e-12   9.72524597e-13   1.06440246e-12
   1.34822706e-12   9.30496466e-13   1.78489956e-12   1.48021206e-12
   1.72283181e-12   1.48596820e-12   1.98996491e-12   1.74881061e-12
   2.40002713e-12   1.54970825e-12   1.68526824e-12   8.35743005e-13
   1.19732369e-12   1.10240209e-12   1.16584546e-12   1.29820180e-12
   1.65366710e-12   1.19460278e-12   1.85691449e-12   1.19556760e-12
   1.23214704e-12   8.12512980e-13   7.09330850e-13   8.31188692e-13
   8.72957088e-13   1.12571496e-12   8.67672656e-13   1.28132549e-12
   8.51661842e-13   8.71987903e-13   1.39381209e-12   1.66841644e-12
   1.32913959e-12   1.78365748e-12   1.71434289e-12   2.18732032e-12
   1.48257256e-12   1.63167376e-12   1.35871067e-12   1.15993127e-12
   1.52004007e-12   1.39055068e-12   1.83311623e-12   1.22819532e-12
   1.34387189e-12   1.32344277e-12   1.80300629e-12   1.62040908e-12
   2.19798965e-12   1.41970103e-12   1.54912287e-12   1.77137085e-12
   1.37567803e-12   2.03188933e-12   1.32813652e-12   1.37773333e-12
   1.87800540e-12   2.67755547e-12   1.78640857e-12   1.85814025e-12
   2.28355087e-12   1.47948181e-12   1.59467430e-12   2.11240563e-12
   2.23034683e-12   1.44275255e-12]
P
[ 0.  0.  0.  0.  0.  0.  0.  0.  0.  0.  0.  0.  0.  0.  0.  0.  0.  0.
  0.  0.  0.  0.  0.  0.  0.  0.  0.  0.  0.  0.  0.  0.  0.  0.  0.  0.
  0.  0.  0.  0.  0.  0.  0.  0.  0.  0.  0.  0.  0.  0.  0.  0.  0.  0.
  0.  0.  0.  0.  0.  0.  0.  0.  0.  0.  0.  0.]
20190328220649
Z
[  1.71515084e-13   2.04542714e-13   4.42622846e-13   2.34242788e-13
   3.01106645e-13   2.83836706e-13   2.58122281e-13   3.16899966e-13
   3.63366199e-13   4.26355556e-13   3.52845337e-13   2.89366238e-13
   3.87047993e-13   5.90679792e-13   5.79940378e-13   5.40965628e-13
   6.66944238e-13   5.84098976e-13   4.70691538e-13   4.74195711e-13
   6.65953655e-13   1.06480090e-12   7.14884997e-13   6.56899474e-13
   8.16385034e-13   7.86403305e-13   4.13678306e-13   6.13808570e-13
   4.67775605e-13   4.07507123e-13   5.70367728e-13   5.72268884e-13
   9.76407458e-13   7.00873669e-13   6.01548043e-13   7.32338051e-13
   5.90055637e-13   9.37272989e-13   6.86455253e-13   6.25020650e-13
   7.60913887e-13   9.38825544e-13   1.41783427e-12   8.84080041e-13
   8.91123253e-13   1.14496686e-12   5.69910212e-13   5.01060406e-13
   4.24917735e-13   4.64277443e-13   6.03902762e-13   8.62748478e-13
   6.13421715e-13   5.39306235e-13   7.02134117e-13   6.47674895e-13
   5.84835365e-13   6.97420941e-13   7.59954379e-13   1.16808768e-12
   8.72110828e-13   7.28556052e-13   9.19960202e-13   4.86090120e-13
   5.34681568e-13   7.02739890e-13   9.78690896e-13   6.92078399e-13
   6.16009449e-13   8.07756795e-13   4.76690348e-13   5.94483006e-13
   8.64670709e-13   6.01793692e-13   5.37416792e-13   7.02281070e-13
   7.13582478e-13   1.06039862e-12   6.54328228e-13   6.65831744e-13
   8.59504877e-13   1.15488244e-12   8.85990017e-13   7.37313350e-13
   9.70224266e-13   1.33544904e-12   1.11698217e-12   1.40657851e-12
   8.32577072e-13   1.06978304e-12   8.84021924e-13]
P
[ 0.  0.  0.  0.  0.  0.  0.  0.  0.  0.  0.  0.  0.  0.  0.  0.  0.  0.
  0.  0.  0.  0.  0.  0.  0.  0.  0.  0.  0.  0.  0.  0.  0.  0.  0.  0.
  0.  0.  0.  0.  0.  0.  0.  0.  0.  0.  0.  0.  0.  0.  0.  0.  0.  0.
  0.  0.  0.  0.  0.  0.  0.  0.  0.  0.  0.  0.  0.  0.  0.  0.  0.  0.
  0.  0.  0.  0.  0.  0.  0.  0.  0.  0.  0.  0.  0.  0.  0.  0.  0.  0.
  0.]
20190330112042
Z
[  1.33774196e-13   9.84117741e-14   4.04003855e-14   5.18104006e-14
   6.96461530e-14   1.07648768e-13   1.35629918e-13   1.23786263e-13
   4.83296438e-14   7.54059294e-14   1.03788064e-13   1.46331874e-13
   1.79479466e-13   6.54058482e-14   8.93229527e-14   1.19554959e-13
   1.39705779e-13   2.07051323e-13   4.31513865e-14   5.13532462e-14
   7.82343518e-14   9.60922963e-14   8.55865549e-14   1.20477607e-13
   1.33282022e-13   1.51659931e-13   1.65318222e-13   2.45214120e-13]
P
[ 0.  0.  0.  0.  0.  0.  0.  0.  0.  0.  0.  0.  0.  0.  0.  0.  0.  0.
  0.  0.  0.]
20190412122304
Z
[  4.02147511e-13   2.70366131e-13   2.26611190e-13   1.51994659e-13
   2.54347268e-13   3.84030259e-13   2.52916130e-13   4.43362398e-13
   3.57590271e-13   3.56840148e-13   1.82325589e-13   3.44821056e-13
   5.30940816e-13   3.42774819e-13   5.90333497e-13   2.12657804e-13
   1.32408190e-13   1.75361670e-13   3.07830780e-13   2.03507141e-13
   3.44068939e-13   1.10865709e-13   1.81436097e-13   3.06550770e-13
   1.97309816e-13   3.23753469e-13   1.06957275e-13   1.78873667e-13
   1.16303382e-13   1.96858153e-13   2.56425689e-13   1.72795604e-13
   2.96963210e-13   2.88290095e-13   4.76898153e-13   3.12205081e-13]
P
[ 0.  0.  0.  0.  0.  0.  0.  0.  0.  0.  0.  0.  0.  0.  0.  0.  0.  0.
  0.  0.  0.]
20190422144905
Z
[  7.03037649e-14   5.11398056e-14   1.03978888e-13   8.33783103e-14
   1.11341893e-13   8.05655014e-14   5.58965634e-14   9.49613260e-14
   8.19266758e-14   1.19213314e-13   7.45662458e-14   8.58967449e-14
   7.87471688e-14   9.54286524e-14   6.68740337e-14   1.20233894e-13
   1.69697331e-13   1.13266010e-13   1.52837774e-13   1.00579634e-13
   1.29089096e-13]
P
[ 0.  0.  0.  0.  0.  0.  0.  0.  0.  0.  0.  0.  0.  0.  0.]
20190423142017
Z
[  2.45052896e-13   5.05273405e-13   5.88679827e-13   4.46682969e-13
   6.30941617e-13   5.22002095e-13   4.41986297e-13   6.15863234e-13
   8.94036310e-13   3.40373748e-13   2.37465385e-13   5.57102865e-13
   4.10710823e-13   5.05171397e-13   3.40139757e-13   5.53438505e-13
   4.24606613e-13   3.56369044e-13   5.45720451e-13   7.03575145e-13
   2.79407397e-13   2.03292156e-13   4.61145650e-13   1.05436416e-12
   7.67356918e-13   1.12613374e-12   8.75772354e-13   7.48227045e-13
   1.07720733e-12   1.59487889e-12   5.72611204e-13   4.10019076e-13
   9.72230810e-13   9.34116784e-13   1.44602559e-12   1.09870308e-12
   8.67625759e-13   1.40750789e-12   1.94827141e-12   7.16448675e-13
   5.29438476e-13   1.20178746e-12   1.01575334e-12   7.97915750e-13
   6.62639509e-13   9.65111756e-13   1.50540274e-12   5.11262267e-13
   3.64901071e-13   8.83110602e-13   1.17988377e-12   9.42895460e-13
   1.59960489e-12   2.15178223e-12   7.72157813e-13   5.81452095e-13
   1.32889591e-12   7.65279257e-13   1.13311804e-12   1.64982179e-12
   5.93119479e-13   4.26302909e-13   1.00819594e-12   9.07084653e-13
   1.37614868e-12   4.96991706e-13   3.52427449e-13   8.37815116e-13
   2.02148973e-12   7.43461821e-13   5.58820729e-13   1.26768066e-12
   1.06345801e-12   7.71247733e-13   1.84704530e-12   2.78546014e-13
   6.55170538e-13   4.77584529e-13]
P
[ 0.  0.  0.  0.  0.  0.  0.  0.  0.  0.  0.  0.  0.  0.  0.  0.  0.  0.
  0.  0.  0.  0.  0.  0.  0.  0.  0.  0.  0.  0.  0.  0.  0.  0.  0.  0.
  0.  0.  0.  0.  0.  0.  0.  0.  0.]
20190506211937
Z
[  8.36829524e-13   5.48268922e-13   1.08286115e-12   5.22750870e-13
   1.36924709e-12   9.30747440e-13   1.31882299e-12   1.43511718e-12
   1.78822481e-12   1.56081208e-12   1.52919951e-12   1.06621781e-12
   7.10826434e-13   6.57403393e-13   4.81370445e-13   8.21713749e-13
   3.79906716e-13   6.71014066e-13   7.87315529e-13   7.99345611e-13
   5.23391735e-13   7.49208818e-13   6.08501057e-13   7.20573581e-13
   8.66444209e-13   1.29201956e-12   3.65533440e-13   1.29906118e-12
   8.88452251e-13   1.20425073e-12   7.32462756e-13   1.00395557e-12
   8.83995587e-13   5.89936423e-13   1.00576876e-12   4.74921349e-13
   8.33134159e-13   9.52530846e-13   1.03133033e-12   7.04491971e-13
   8.05660976e-13   7.90472799e-13   1.32447297e-12   3.16953800e-13
   1.30512575e-12   7.40335304e-13   1.21714072e-12   7.68288521e-13
   8.55955281e-13   8.22679393e-13   6.12708209e-13   2.18858517e-12
   1.25370562e-12   2.36480593e-12   1.49742751e-12   1.42310006e-12
   1.42714072e-12   5.66570290e-13   6.02350865e-13   7.01433692e-13
   5.54509911e-13   5.77277477e-13   4.88603521e-13   1.18511768e-12
   2.24024650e-12   1.53823789e-12   1.58724776e-12   1.36768730e-12
   1.36728065e-12   9.82471019e-13   1.11101510e-12   9.98741711e-13
   1.64936650e-12   1.58189172e-12   1.42746377e-12   1.17653311e-12
   9.80048276e-13   1.03184335e-12]
P
[ 0.  0.  0.  0.  0.  0.  0.  0.  0.  0.  0.  0.  0.  0.  0.  0.  0.  0.
  0.  0.  0.  0.  0.  0.  0.  0.  0.  0.  0.  0.  0.  0.  0.  0.  0.  0.
  0.  0.  0.  0.  0.  0.  0.  0.  0.  0.  0.  0.  0.  0.  0.  0.  0.  0.
  0.  0.  0.  0.  0.  0.  0.  0.  0.  0.  0.  0.  0.  0.  0.  0.  0.  0.
  0.  0.  0.  0.  0.  0.]
