10185.125 6.6 2019-05-30T09:03:32.337Z -89.3056 13.1994 57.92
10088.7083333 8 2019-05-26T07:41:15.073Z -75.2697 -5.8119 122.57
9806.41666667 7.6 2019-05-14T12:58:25.939Z 152.5967 -4.051 10
9621.79166667 7.1 2019-05-06T21:19:37.983Z 146.4494 -6.9746 146
9036.66666667 6.8 2019-04-12T11:40:49.363Z 122.5798 -1.8146 15.46
8971.20833333 6.5 2019-04-09T17:53:58.423Z -25.304 -58.6262 38
8026.08333333 7 2019-03-01T08:50:42.591Z -70.1546 -14.7131 267
7858.70833333 7.5 2019-02-22T10:17:23.770Z -77.0505 -2.1862 145
7360.58333333 6.7 2019-02-01T16:14:12.329Z -92.4527 14.6802 66
7123.04166667 6.7 2019-01-22T19:01:43.580Z 42.3568 -43.1219 13
7058.33333333 6.7 2019-01-20T01:32:52.480Z -71.3815 -30.0404 63
6954.25 6.6 2019-01-15T18:06:34.300Z 166.8752 -13.336 35
6738.125 6.6 2019-01-06T17:27:18.980Z 126.758 2.258 43.21
6716.04166667 6.8 2019-01-05T19:25:38.520Z -71.587 -8.144 570.41
6532.625 7 2018-12-29T03:39:09.740Z 126.9209 5.8983 60.21
6329.04166667 7.3 2018-12-20T17:01:55.150Z 164.6993 55.0999 16.56
6099.08333333 7.1 2018-12-11T02:26:29.420Z -26.3856 -58.5446 133
5959.79166667 6.6 2018-12-05T06:43:04.130Z 169.7331 -22.0629 10
5956.75 7.5 2018-12-05T04:18:08.420Z 169.4266 -21.9496 10
5850.20833333 7.1 2018-11-30T17:29:29.330Z -149.9552 61.3464 46.7
5565.04166667 6.8 2018-11-18T20:25:46.590Z -178.9273 -17.8735 540
5331.04166667 6.7 2018-11-09T01:49:40.050Z -11.2431 71.6312 10
4992.25 6.8 2018-10-25T22:54:52.630Z 20.5565 37.5203 14
4902.91666667 6.5 2018-10-22T06:22:48.120Z -129.7237 49.297 10
4902.66666667 6.8 2018-10-22T06:16:26.450Z -129.289 49.3346 10
4902.625 6.5 2018-10-22T05:39:39.590Z -129.4124 49.2586 10
4753.125 6.5 2018-10-16T01:03:43.580Z 169.5217 -21.7427 17
4691.41666667 6.7 2018-10-13T11:10:22.400Z 153.2429 52.8549 461
4631.66666667 6.5 2018-10-10T23:16:02.130Z 156.2968 49.2902 20
4630.0 7 2018-10-10T20:48:20.100Z 151.2046 -5.7012 39
4380.16666667 6.7 2018-09-30T10:52:23.010Z -178.0633 -18.3604 550
4330.08333333 7.5 2018-09-28T10:02:45.250Z 119.8462 -0.2559 20
4053.45833333 6.5 2018-09-16T21:11:48.820Z 178.1991 -25.415 576
3892.79166667 6.9 2018-09-10T04:19:02.630Z -179.3728 -31.7447 115
3884.29166667 6.5 2018-09-09T19:31:35.090Z 161.5025 -10.0207 68
3809.04166667 7.9 2018-09-06T15:49:18.710Z 179.3502 -18.4743 670.81
3786.29166667 6.6 2018-09-05T18:07:59.150Z 141.9294 42.6861 35
3605.125 7.1 2018-08-29T03:51:56.100Z 170.1262 -22.0295 21.43
3489.16666667 7.1 2018-08-24T09:04:08.250Z -70.8284 -11.0355 630
3431.33333333 6.5 2018-08-21T22:32:26.470Z 168.1428 -16.0315 9
3430.29166667 7.3 2018-08-21T21:31:47.600Z -62.9019 10.7731 146.82
3376.33333333 6.9 2018-08-19T14:56:27.490Z 116.6272 -8.319 21
3360.79166667 8.2 2018-08-19T00:19:40.670Z -178.153 -18.1125 600
3328.45833333 6.5 2018-08-17T15:35:01.890Z 119.8017 -7.3718 529
3287.33333333 6.5 2018-08-15T21:56:56.310Z -178.0262 51.4234 33.93
3036.91666667 6.9 2018-08-05T11:46:38.630Z 116.4375 -8.2581 34
815.333333333 6.9 2018-05-04T22:32:54.650Z -154.9996667 19.3181667 5.81
38.6666666667 6.8 2018-04-02T13:40:34.840Z -63.0058 -20.6588 559
